mysql pid: 21955
GNU gdb (GDB) Red Hat Enterprise Linux 7.6.1-80.el7
Copyright (C) 2013 Free Software Foundation, Inc.
License GPLv3+: GNU GPL version 3 or later <http://gnu.org/licenses/gpl.html>
This is free software: you are free to change and redistribute it.
There is NO WARRANTY, to the extent permitted by law.  Type "show copying"
and "show warranty" for details.
This GDB was configured as "x86_64-redhat-linux-gnu".
For bug reporting instructions, please see:
<http://www.gnu.org/software/gdb/bugs/>.
Attaching to process 21955
Reading symbols from /usr/sbin/mysqld...done.
Reading symbols from /lib64/libpthread.so.0...(no debugging symbols found)...done.
[New LWP 32714]
[New LWP 29782]
[New LWP 28620]
[New LWP 26081]
[New LWP 26080]
[New LWP 25744]
[New LWP 25743]
[New LWP 21655]
[New LWP 21654]
[New LWP 19745]
[New LWP 14936]
[New LWP 4943]
[New LWP 21682]
[New LWP 20438]
[New LWP 23339]
[New LWP 19735]
[New LWP 32713]
[New LWP 32359]
[New LWP 22965]
[New LWP 21999]
[New LWP 21998]
[New LWP 21997]
[New LWP 21996]
[New LWP 21995]
[New LWP 21994]
[New LWP 21993]
[New LWP 21992]
[New LWP 21991]
[New LWP 21990]
[New LWP 21989]
[New LWP 21988]
[New LWP 21987]
[New LWP 21986]
[New LWP 21985]
[New LWP 21984]
[New LWP 21983]
[New LWP 21982]
[New LWP 21979]
[New LWP 21978]
[New LWP 21977]
[New LWP 21976]
[New LWP 21975]
[New LWP 21974]
[New LWP 21973]
[New LWP 21972]
[New LWP 21971]
[New LWP 21970]
[New LWP 21969]
[New LWP 21968]
[New LWP 21967]
[New LWP 21966]
[New LWP 21965]
[New LWP 21964]
[New LWP 21963]
[New LWP 21962]
[New LWP 21961]
[New LWP 21960]
[New LWP 21959]
[New LWP 21958]
[New LWP 21957]
[Thread debugging using libthread_db enabled]
Using host libthread_db library "/lib64/libthread_db.so.1".
Loaded symbols for /lib64/libpthread.so.0
Reading symbols from /lib64/liblzma.so.5...Reading symbols from /lib64/liblzma.so.5...(no debugging symbols found)...done.
(no debugging symbols found)...done.
Loaded symbols for /lib64/liblzma.so.5
Reading symbols from /lib64/libaio.so.1...Reading symbols from /lib64/libaio.so.1...(no debugging symbols found)...done.
(no debugging symbols found)...done.
Loaded symbols for /lib64/libaio.so.1
Reading symbols from /lib64/libz.so.1...Reading symbols from /lib64/libz.so.1...(no debugging symbols found)...done.
(no debugging symbols found)...done.
Loaded symbols for /lib64/libz.so.1
Reading symbols from /lib64/libcrypt.so.1...(no debugging symbols found)...done.
Loaded symbols for /lib64/libcrypt.so.1
Reading symbols from /lib64/libsystemd.so.0...Reading symbols from /lib64/libsystemd.so.0...(no debugging symbols found)...done.
(no debugging symbols found)...done.
Loaded symbols for /lib64/libsystemd.so.0
Reading symbols from /lib64/libssl.so.10...Reading symbols from /lib64/libssl.so.10...(no debugging symbols found)...done.
(no debugging symbols found)...done.
Loaded symbols for /lib64/libssl.so.10
Reading symbols from /lib64/libcrypto.so.10...Reading symbols from /lib64/libcrypto.so.10...(no debugging symbols found)...done.
(no debugging symbols found)...done.
Loaded symbols for /lib64/libcrypto.so.10
Reading symbols from /lib64/libdl.so.2...(no debugging symbols found)...done.
Loaded symbols for /lib64/libdl.so.2
Reading symbols from /lib64/libstdc++.so.6...(no debugging symbols found)...done.
Loaded symbols for /lib64/libstdc++.so.6
Reading symbols from /lib64/libm.so.6...(no debugging symbols found)...done.
Loaded symbols for /lib64/libm.so.6
Reading symbols from /lib64/libc.so.6...(no debugging symbols found)...done.
Loaded symbols for /lib64/libc.so.6
Reading symbols from /lib64/ld-linux-x86-64.so.2...(no debugging symbols found)...done.
Loaded symbols for /lib64/ld-linux-x86-64.so.2
Reading symbols from /lib64/libfreebl3.so...Reading symbols from /lib64/libfreebl3.so...(no debugging symbols found)...done.
(no debugging symbols found)...done.
Loaded symbols for /lib64/libfreebl3.so
Reading symbols from /lib64/libcap.so.2...Reading symbols from /lib64/libcap.so.2...(no debugging symbols found)...done.
(no debugging symbols found)...done.
Loaded symbols for /lib64/libcap.so.2
Reading symbols from /lib64/librt.so.1...(no debugging symbols found)...done.
Loaded symbols for /lib64/librt.so.1
Reading symbols from /lib64/libselinux.so.1...Reading symbols from /lib64/libselinux.so.1...(no debugging symbols found)...done.
(no debugging symbols found)...done.
Loaded symbols for /lib64/libselinux.so.1
Reading symbols from /lib64/libgcrypt.so.11...Reading symbols from /lib64/libgcrypt.so.11...(no debugging symbols found)...done.
(no debugging symbols found)...done.
Loaded symbols for /lib64/libgcrypt.so.11
Reading symbols from /lib64/libgpg-error.so.0...Reading symbols from /lib64/libgpg-error.so.0...(no debugging symbols found)...done.
(no debugging symbols found)...done.
Loaded symbols for /lib64/libgpg-error.so.0
Reading symbols from /lib64/libresolv.so.2...(no debugging symbols found)...done.
Loaded symbols for /lib64/libresolv.so.2
Reading symbols from /lib64/libdw.so.1...Reading symbols from /lib64/libdw.so.1...(no debugging symbols found)...done.
(no debugging symbols found)...done.
Loaded symbols for /lib64/libdw.so.1
Reading symbols from /lib64/libgcc_s.so.1...(no debugging symbols found)...done.
Loaded symbols for /lib64/libgcc_s.so.1
Reading symbols from /lib64/libgssapi_krb5.so.2...Reading symbols from /lib64/libgssapi_krb5.so.2...(no debugging symbols found)...done.
(no debugging symbols found)...done.
Loaded symbols for /lib64/libgssapi_krb5.so.2
Reading symbols from /lib64/libkrb5.so.3...Reading symbols from /lib64/libkrb5.so.3...(no debugging symbols found)...done.
(no debugging symbols found)...done.
Loaded symbols for /lib64/libkrb5.so.3
Reading symbols from /lib64/libcom_err.so.2...Reading symbols from /lib64/libcom_err.so.2...(no debugging symbols found)...done.
(no debugging symbols found)...done.
Loaded symbols for /lib64/libcom_err.so.2
Reading symbols from /lib64/libk5crypto.so.3...Reading symbols from /lib64/libk5crypto.so.3...(no debugging symbols found)...done.
(no debugging symbols found)...done.
Loaded symbols for /lib64/libk5crypto.so.3
Reading symbols from /lib64/libattr.so.1...Reading symbols from /lib64/libattr.so.1...(no debugging symbols found)...done.
(no debugging symbols found)...done.
Loaded symbols for /lib64/libattr.so.1
Reading symbols from /lib64/libpcre.so.1...Reading symbols from /lib64/libpcre.so.1...(no debugging symbols found)...done.
(no debugging symbols found)...done.
Loaded symbols for /lib64/libpcre.so.1
Reading symbols from /lib64/libelf.so.1...Reading symbols from /lib64/libelf.so.1...(no debugging symbols found)...done.
(no debugging symbols found)...done.
Loaded symbols for /lib64/libelf.so.1
Reading symbols from /lib64/libbz2.so.1...Reading symbols from /lib64/libbz2.so.1...(no debugging symbols found)...done.
(no debugging symbols found)...done.
Loaded symbols for /lib64/libbz2.so.1
Reading symbols from /lib64/libkrb5support.so.0...Reading symbols from /lib64/libkrb5support.so.0...(no debugging symbols found)...done.
(no debugging symbols found)...done.
Loaded symbols for /lib64/libkrb5support.so.0
Reading symbols from /lib64/libkeyutils.so.1...Reading symbols from /lib64/libkeyutils.so.1...(no debugging symbols found)...done.
(no debugging symbols found)...done.
Loaded symbols for /lib64/libkeyutils.so.1
Reading symbols from /lib64/libnss_files.so.2...(no debugging symbols found)...done.
Loaded symbols for /lib64/libnss_files.so.2
Reading symbols from /var/lib/mysql/lib64/mysql/plugin/server_audit.so...done.
Loaded symbols for /var/lib/mysql/lib64/mysql/plugin/server_audit.so
Reading symbols from /var/lib/mysql/lib64/mysql/plugin/semisync_master.so...done.
Loaded symbols for /var/lib/mysql/lib64/mysql/plugin/semisync_master.so
Reading symbols from /var/lib/mysql/lib64/mysql/plugin/semisync_slave.so...done.
Loaded symbols for /var/lib/mysql/lib64/mysql/plugin/semisync_slave.so
Reading symbols from /var/lib/mysql/lib64/mysql/plugin/simple_password_check.so...done.
Loaded symbols for /var/lib/mysql/lib64/mysql/plugin/simple_password_check.so
Reading symbols from /var/lib/mysql/lib64/mysql/plugin/metadata_lock_info.so...done.
Loaded symbols for /var/lib/mysql/lib64/mysql/plugin/metadata_lock_info.so
0x00007fb573a9adfd in poll () from /lib64/libc.so.6
Missing separate debuginfos, use: debuginfo-install MariaDB-server-10.2.7-1.el7.centos.x86_64
(gdb) (gdb)
Thread 61 (Thread 0x7fb570e62700 (LWP 21957)):
#0  0x00007fb575455a82 in pthread_cond_timedwait@@GLIBC_2.3.2 () from /lib64/libpthread.so.0
#1  0x00007fb5765300e2 in inline_mysql_cond_timedwait (that=0x7fb577700d80 <COND_timer>, mutex=0x7fb577700dc0 <LOCK_timer>, src_file=0x7fb5766f6288 "/home/buildbot/buildbot/build/mariadb-10.2.7/mysys/thr_timer.c", src_line=292, abstime=0x7fb570e61d50) at /home/buildbot/buildbot/build/mariadb-10.2.7/include/mysql/psi/mysql_thread.h:1186
#2  timer_handler (arg=<optimized out>) at /home/buildbot/buildbot/build/mariadb-10.2.7/mysys/thr_timer.c:292
#3  0x00007fb575451dc5 in start_thread () from /lib64/libpthread.so.0
#4  0x00007fb573aa573d in clone () from /lib64/libc.so.6

Thread 60 (Thread 0x7fb3c5e23700 (LWP 21958)):
#0  0x00007fb575023644 in __io_getevents_0_4 () from /lib64/libaio.so.1
#1  0x00007fb57618ff14 in LinuxAIOHandler::collect (this=this@entry=0x7fb3c5e22b30) at /home/buildbot/buildbot/build/mariadb-10.2.7/storage/innobase/os/os0file.cc:1886
#2  0x00007fb576190682 in LinuxAIOHandler::poll (this=this@entry=0x7fb3c5e22b30, m1=m1@entry=0x7fb3c5e22be0, m2=m2@entry=0x7fb3c5e22bf0, request=request@entry=0x7fb3c5e22c00) at /home/buildbot/buildbot/build/mariadb-10.2.7/storage/innobase/os/os0file.cc:2031
#3  0x00007fb576199c81 in os_aio_linux_handler (request=0x7fb3c5e22c00, m2=0x7fb3c5e22bf0, m1=0x7fb3c5e22be0, global_segment=0) at /home/buildbot/buildbot/build/mariadb-10.2.7/storage/innobase/os/os0file.cc:2085
#4  os_aio_handler (segment=segment@entry=0, m1=m1@entry=0x7fb3c5e22be0, m2=m2@entry=0x7fb3c5e22bf0, request=request@entry=0x7fb3c5e22c00) at /home/buildbot/buildbot/build/mariadb-10.2.7/storage/innobase/os/os0file.cc:5683
#5  0x00007fb576356326 in fil_aio_wait (segment=segment@entry=0) at /home/buildbot/buildbot/build/mariadb-10.2.7/storage/innobase/fil/fil0fil.cc:5436
#6  0x00007fb57623ed08 in io_handler_thread (arg=<optimized out>) at /home/buildbot/buildbot/build/mariadb-10.2.7/storage/innobase/srv/srv0start.cc:339
#7  0x00007fb575451dc5 in start_thread () from /lib64/libpthread.so.0
#8  0x00007fb573aa573d in clone () from /lib64/libc.so.6

Thread 59 (Thread 0x7fb3c5622700 (LWP 21959)):
#0  0x00007fb575023644 in __io_getevents_0_4 () from /lib64/libaio.so.1
#1  0x00007fb57618ff14 in LinuxAIOHandler::collect (this=this@entry=0x7fb3c5621b30) at /home/buildbot/buildbot/build/mariadb-10.2.7/storage/innobase/os/os0file.cc:1886
#2  0x00007fb576190682 in LinuxAIOHandler::poll (this=this@entry=0x7fb3c5621b30, m1=m1@entry=0x7fb3c5621be0, m2=m2@entry=0x7fb3c5621bf0, request=request@entry=0x7fb3c5621c00) at /home/buildbot/buildbot/build/mariadb-10.2.7/storage/innobase/os/os0file.cc:2031
#3  0x00007fb576199c81 in os_aio_linux_handler (request=0x7fb3c5621c00, m2=0x7fb3c5621bf0, m1=0x7fb3c5621be0, global_segment=0) at /home/buildbot/buildbot/build/mariadb-10.2.7/storage/innobase/os/os0file.cc:2085
#4  os_aio_handler (segment=segment@entry=1, m1=m1@entry=0x7fb3c5621be0, m2=m2@entry=0x7fb3c5621bf0, request=request@entry=0x7fb3c5621c00) at /home/buildbot/buildbot/build/mariadb-10.2.7/storage/innobase/os/os0file.cc:5683
#5  0x00007fb576356326 in fil_aio_wait (segment=segment@entry=1) at /home/buildbot/buildbot/build/mariadb-10.2.7/storage/innobase/fil/fil0fil.cc:5436
#6  0x00007fb57623ed08 in io_handler_thread (arg=<optimized out>) at /home/buildbot/buildbot/build/mariadb-10.2.7/storage/innobase/srv/srv0start.cc:339
#7  0x00007fb575451dc5 in start_thread () from /lib64/libpthread.so.0
#8  0x00007fb573aa573d in clone () from /lib64/libc.so.6

Thread 58 (Thread 0x7fb3c4e21700 (LWP 21960)):
#0  0x00007fb575023644 in __io_getevents_0_4 () from /lib64/libaio.so.1
#1  0x00007fb57618ff14 in LinuxAIOHandler::collect (this=this@entry=0x7fb3c4e20b30) at /home/buildbot/buildbot/build/mariadb-10.2.7/storage/innobase/os/os0file.cc:1886
#2  0x00007fb576190682 in LinuxAIOHandler::poll (this=this@entry=0x7fb3c4e20b30, m1=m1@entry=0x7fb3c4e20be0, m2=m2@entry=0x7fb3c4e20bf0, request=request@entry=0x7fb3c4e20c00) at /home/buildbot/buildbot/build/mariadb-10.2.7/storage/innobase/os/os0file.cc:2031
#3  0x00007fb576199c81 in os_aio_linux_handler (request=0x7fb3c4e20c00, m2=0x7fb3c4e20bf0, m1=0x7fb3c4e20be0, global_segment=0) at /home/buildbot/buildbot/build/mariadb-10.2.7/storage/innobase/os/os0file.cc:2085
#4  os_aio_handler (segment=segment@entry=2, m1=m1@entry=0x7fb3c4e20be0, m2=m2@entry=0x7fb3c4e20bf0, request=request@entry=0x7fb3c4e20c00) at /home/buildbot/buildbot/build/mariadb-10.2.7/storage/innobase/os/os0file.cc:5683
#5  0x00007fb576356326 in fil_aio_wait (segment=segment@entry=2) at /home/buildbot/buildbot/build/mariadb-10.2.7/storage/innobase/fil/fil0fil.cc:5436
#6  0x00007fb57623ed08 in io_handler_thread (arg=<optimized out>) at /home/buildbot/buildbot/build/mariadb-10.2.7/storage/innobase/srv/srv0start.cc:339
#7  0x00007fb575451dc5 in start_thread () from /lib64/libpthread.so.0
#8  0x00007fb573aa573d in clone () from /lib64/libc.so.6

Thread 57 (Thread 0x7fb3c4620700 (LWP 21961)):
#0  0x00007fb575023644 in __io_getevents_0_4 () from /lib64/libaio.so.1
#1  0x00007fb57618ff14 in LinuxAIOHandler::collect (this=this@entry=0x7fb3c461fb30) at /home/buildbot/buildbot/build/mariadb-10.2.7/storage/innobase/os/os0file.cc:1886
#2  0x00007fb576190682 in LinuxAIOHandler::poll (this=this@entry=0x7fb3c461fb30, m1=m1@entry=0x7fb3c461fbe0, m2=m2@entry=0x7fb3c461fbf0, request=request@entry=0x7fb3c461fc00) at /home/buildbot/buildbot/build/mariadb-10.2.7/storage/innobase/os/os0file.cc:2031
#3  0x00007fb576199c81 in os_aio_linux_handler (request=0x7fb3c461fc00, m2=0x7fb3c461fbf0, m1=0x7fb3c461fbe0, global_segment=1) at /home/buildbot/buildbot/build/mariadb-10.2.7/storage/innobase/os/os0file.cc:2085
#4  os_aio_handler (segment=segment@entry=3, m1=m1@entry=0x7fb3c461fbe0, m2=m2@entry=0x7fb3c461fbf0, request=request@entry=0x7fb3c461fc00) at /home/buildbot/buildbot/build/mariadb-10.2.7/storage/innobase/os/os0file.cc:5683
#5  0x00007fb576356326 in fil_aio_wait (segment=segment@entry=3) at /home/buildbot/buildbot/build/mariadb-10.2.7/storage/innobase/fil/fil0fil.cc:5436
#6  0x00007fb57623ed08 in io_handler_thread (arg=<optimized out>) at /home/buildbot/buildbot/build/mariadb-10.2.7/storage/innobase/srv/srv0start.cc:339
#7  0x00007fb575451dc5 in start_thread () from /lib64/libpthread.so.0
#8  0x00007fb573aa573d in clone () from /lib64/libc.so.6

Thread 56 (Thread 0x7fb3c3e1f700 (LWP 21962)):
#0  0x00007fb575023644 in __io_getevents_0_4 () from /lib64/libaio.so.1
#1  0x00007fb57618ff14 in LinuxAIOHandler::collect (this=this@entry=0x7fb3c3e1eb30) at /home/buildbot/buildbot/build/mariadb-10.2.7/storage/innobase/os/os0file.cc:1886
#2  0x00007fb576190682 in LinuxAIOHandler::poll (this=this@entry=0x7fb3c3e1eb30, m1=m1@entry=0x7fb3c3e1ebe0, m2=m2@entry=0x7fb3c3e1ebf0, request=request@entry=0x7fb3c3e1ec00) at /home/buildbot/buildbot/build/mariadb-10.2.7/storage/innobase/os/os0file.cc:2031
#3  0x00007fb576199c81 in os_aio_linux_handler (request=0x7fb3c3e1ec00, m2=0x7fb3c3e1ebf0, m1=0x7fb3c3e1ebe0, global_segment=2) at /home/buildbot/buildbot/build/mariadb-10.2.7/storage/innobase/os/os0file.cc:2085
#4  os_aio_handler (segment=segment@entry=4, m1=m1@entry=0x7fb3c3e1ebe0, m2=m2@entry=0x7fb3c3e1ebf0, request=request@entry=0x7fb3c3e1ec00) at /home/buildbot/buildbot/build/mariadb-10.2.7/storage/innobase/os/os0file.cc:5683
#5  0x00007fb576356326 in fil_aio_wait (segment=segment@entry=4) at /home/buildbot/buildbot/build/mariadb-10.2.7/storage/innobase/fil/fil0fil.cc:5436
#6  0x00007fb57623ed08 in io_handler_thread (arg=<optimized out>) at /home/buildbot/buildbot/build/mariadb-10.2.7/storage/innobase/srv/srv0start.cc:339
#7  0x00007fb575451dc5 in start_thread () from /lib64/libpthread.so.0
#8  0x00007fb573aa573d in clone () from /lib64/libc.so.6

Thread 55 (Thread 0x7fb3c361e700 (LWP 21963)):
#0  0x00007fb575023644 in __io_getevents_0_4 () from /lib64/libaio.so.1
#1  0x00007fb57618ff14 in LinuxAIOHandler::collect (this=this@entry=0x7fb3c361db30) at /home/buildbot/buildbot/build/mariadb-10.2.7/storage/innobase/os/os0file.cc:1886
#2  0x00007fb576190682 in LinuxAIOHandler::poll (this=this@entry=0x7fb3c361db30, m1=m1@entry=0x7fb3c361dbe0, m2=m2@entry=0x7fb3c361dbf0, request=request@entry=0x7fb3c361dc00) at /home/buildbot/buildbot/build/mariadb-10.2.7/storage/innobase/os/os0file.cc:2031
#3  0x00007fb576199c81 in os_aio_linux_handler (request=0x7fb3c361dc00, m2=0x7fb3c361dbf0, m1=0x7fb3c361dbe0, global_segment=3) at /home/buildbot/buildbot/build/mariadb-10.2.7/storage/innobase/os/os0file.cc:2085
#4  os_aio_handler (segment=segment@entry=5, m1=m1@entry=0x7fb3c361dbe0, m2=m2@entry=0x7fb3c361dbf0, request=request@entry=0x7fb3c361dc00) at /home/buildbot/buildbot/build/mariadb-10.2.7/storage/innobase/os/os0file.cc:5683
#5  0x00007fb576356326 in fil_aio_wait (segment=segment@entry=5) at /home/buildbot/buildbot/build/mariadb-10.2.7/storage/innobase/fil/fil0fil.cc:5436
#6  0x00007fb57623ed08 in io_handler_thread (arg=<optimized out>) at /home/buildbot/buildbot/build/mariadb-10.2.7/storage/innobase/srv/srv0start.cc:339
#7  0x00007fb575451dc5 in start_thread () from /lib64/libpthread.so.0
#8  0x00007fb573aa573d in clone () from /lib64/libc.so.6

Thread 54 (Thread 0x7fb3c2e1d700 (LWP 21964)):
#0  0x00007fb575023644 in __io_getevents_0_4 () from /lib64/libaio.so.1
#1  0x00007fb57618ff14 in LinuxAIOHandler::collect (this=this@entry=0x7fb3c2e1cb30) at /home/buildbot/buildbot/build/mariadb-10.2.7/storage/innobase/os/os0file.cc:1886
#2  0x00007fb576190682 in LinuxAIOHandler::poll (this=this@entry=0x7fb3c2e1cb30, m1=m1@entry=0x7fb3c2e1cbe0, m2=m2@entry=0x7fb3c2e1cbf0, request=request@entry=0x7fb3c2e1cc00) at /home/buildbot/buildbot/build/mariadb-10.2.7/storage/innobase/os/os0file.cc:2031
#3  0x00007fb576199c81 in os_aio_linux_handler (request=0x7fb3c2e1cc00, m2=0x7fb3c2e1cbf0, m1=0x7fb3c2e1cbe0, global_segment=4) at /home/buildbot/buildbot/build/mariadb-10.2.7/storage/innobase/os/os0file.cc:2085
#4  os_aio_handler (segment=segment@entry=6, m1=m1@entry=0x7fb3c2e1cbe0, m2=m2@entry=0x7fb3c2e1cbf0, request=request@entry=0x7fb3c2e1cc00) at /home/buildbot/buildbot/build/mariadb-10.2.7/storage/innobase/os/os0file.cc:5683
#5  0x00007fb576356326 in fil_aio_wait (segment=segment@entry=6) at /home/buildbot/buildbot/build/mariadb-10.2.7/storage/innobase/fil/fil0fil.cc:5436
#6  0x00007fb57623ed08 in io_handler_thread (arg=<optimized out>) at /home/buildbot/buildbot/build/mariadb-10.2.7/storage/innobase/srv/srv0start.cc:339
#7  0x00007fb575451dc5 in start_thread () from /lib64/libpthread.so.0
#8  0x00007fb573aa573d in clone () from /lib64/libc.so.6

Thread 53 (Thread 0x7fb3c261c700 (LWP 21965)):
#0  0x00007fb575023644 in __io_getevents_0_4 () from /lib64/libaio.so.1
#1  0x00007fb57618ff14 in LinuxAIOHandler::collect (this=this@entry=0x7fb3c261bb30) at /home/buildbot/buildbot/build/mariadb-10.2.7/storage/innobase/os/os0file.cc:1886
#2  0x00007fb576190682 in LinuxAIOHandler::poll (this=this@entry=0x7fb3c261bb30, m1=m1@entry=0x7fb3c261bbe0, m2=m2@entry=0x7fb3c261bbf0, request=request@entry=0x7fb3c261bc00) at /home/buildbot/buildbot/build/mariadb-10.2.7/storage/innobase/os/os0file.cc:2031
#3  0x00007fb576199c81 in os_aio_linux_handler (request=0x7fb3c261bc00, m2=0x7fb3c261bbf0, m1=0x7fb3c261bbe0, global_segment=5) at /home/buildbot/buildbot/build/mariadb-10.2.7/storage/innobase/os/os0file.cc:2085
#4  os_aio_handler (segment=segment@entry=7, m1=m1@entry=0x7fb3c261bbe0, m2=m2@entry=0x7fb3c261bbf0, request=request@entry=0x7fb3c261bc00) at /home/buildbot/buildbot/build/mariadb-10.2.7/storage/innobase/os/os0file.cc:5683
#5  0x00007fb576356326 in fil_aio_wait (segment=segment@entry=7) at /home/buildbot/buildbot/build/mariadb-10.2.7/storage/innobase/fil/fil0fil.cc:5436
#6  0x00007fb57623ed08 in io_handler_thread (arg=<optimized out>) at /home/buildbot/buildbot/build/mariadb-10.2.7/storage/innobase/srv/srv0start.cc:339
#7  0x00007fb575451dc5 in start_thread () from /lib64/libpthread.so.0
#8  0x00007fb573aa573d in clone () from /lib64/libc.so.6

Thread 52 (Thread 0x7fb3c1e1b700 (LWP 21966)):
#0  0x00007fb575023644 in __io_getevents_0_4 () from /lib64/libaio.so.1
#1  0x00007fb57618ff14 in LinuxAIOHandler::collect (this=this@entry=0x7fb3c1e1ab30) at /home/buildbot/buildbot/build/mariadb-10.2.7/storage/innobase/os/os0file.cc:1886
#2  0x00007fb576190682 in LinuxAIOHandler::poll (this=this@entry=0x7fb3c1e1ab30, m1=m1@entry=0x7fb3c1e1abe0, m2=m2@entry=0x7fb3c1e1abf0, request=request@entry=0x7fb3c1e1ac00) at /home/buildbot/buildbot/build/mariadb-10.2.7/storage/innobase/os/os0file.cc:2031
#3  0x00007fb576199c81 in os_aio_linux_handler (request=0x7fb3c1e1ac00, m2=0x7fb3c1e1abf0, m1=0x7fb3c1e1abe0, global_segment=6) at /home/buildbot/buildbot/build/mariadb-10.2.7/storage/innobase/os/os0file.cc:2085
#4  os_aio_handler (segment=segment@entry=8, m1=m1@entry=0x7fb3c1e1abe0, m2=m2@entry=0x7fb3c1e1abf0, request=request@entry=0x7fb3c1e1ac00) at /home/buildbot/buildbot/build/mariadb-10.2.7/storage/innobase/os/os0file.cc:5683
#5  0x00007fb576356326 in fil_aio_wait (segment=segment@entry=8) at /home/buildbot/buildbot/build/mariadb-10.2.7/storage/innobase/fil/fil0fil.cc:5436
#6  0x00007fb57623ed08 in io_handler_thread (arg=<optimized out>) at /home/buildbot/buildbot/build/mariadb-10.2.7/storage/innobase/srv/srv0start.cc:339
#7  0x00007fb575451dc5 in start_thread () from /lib64/libpthread.so.0
#8  0x00007fb573aa573d in clone () from /lib64/libc.so.6

Thread 51 (Thread 0x7fb3c161a700 (LWP 21967)):
#0  0x00007fb575023644 in __io_getevents_0_4 () from /lib64/libaio.so.1
#1  0x00007fb57618ff14 in LinuxAIOHandler::collect (this=this@entry=0x7fb3c1619b30) at /home/buildbot/buildbot/build/mariadb-10.2.7/storage/innobase/os/os0file.cc:1886
#2  0x00007fb576190682 in LinuxAIOHandler::poll (this=this@entry=0x7fb3c1619b30, m1=m1@entry=0x7fb3c1619be0, m2=m2@entry=0x7fb3c1619bf0, request=request@entry=0x7fb3c1619c00) at /home/buildbot/buildbot/build/mariadb-10.2.7/storage/innobase/os/os0file.cc:2031
#3  0x00007fb576199c81 in os_aio_linux_handler (request=0x7fb3c1619c00, m2=0x7fb3c1619bf0, m1=0x7fb3c1619be0, global_segment=7) at /home/buildbot/buildbot/build/mariadb-10.2.7/storage/innobase/os/os0file.cc:2085
#4  os_aio_handler (segment=segment@entry=9, m1=m1@entry=0x7fb3c1619be0, m2=m2@entry=0x7fb3c1619bf0, request=request@entry=0x7fb3c1619c00) at /home/buildbot/buildbot/build/mariadb-10.2.7/storage/innobase/os/os0file.cc:5683
#5  0x00007fb576356326 in fil_aio_wait (segment=segment@entry=9) at /home/buildbot/buildbot/build/mariadb-10.2.7/storage/innobase/fil/fil0fil.cc:5436
#6  0x00007fb57623ed08 in io_handler_thread (arg=<optimized out>) at /home/buildbot/buildbot/build/mariadb-10.2.7/storage/innobase/srv/srv0start.cc:339
#7  0x00007fb575451dc5 in start_thread () from /lib64/libpthread.so.0
#8  0x00007fb573aa573d in clone () from /lib64/libc.so.6

Thread 50 (Thread 0x7fb3c0e19700 (LWP 21968)):
#0  0x00007fb575023644 in __io_getevents_0_4 () from /lib64/libaio.so.1
#1  0x00007fb57618ff14 in LinuxAIOHandler::collect (this=this@entry=0x7fb3c0e18b30) at /home/buildbot/buildbot/build/mariadb-10.2.7/storage/innobase/os/os0file.cc:1886
#2  0x00007fb576190682 in LinuxAIOHandler::poll (this=this@entry=0x7fb3c0e18b30, m1=m1@entry=0x7fb3c0e18be0, m2=m2@entry=0x7fb3c0e18bf0, request=request@entry=0x7fb3c0e18c00) at /home/buildbot/buildbot/build/mariadb-10.2.7/storage/innobase/os/os0file.cc:2031
#3  0x00007fb576199c81 in os_aio_linux_handler (request=0x7fb3c0e18c00, m2=0x7fb3c0e18bf0, m1=0x7fb3c0e18be0, global_segment=0) at /home/buildbot/buildbot/build/mariadb-10.2.7/storage/innobase/os/os0file.cc:2085
#4  os_aio_handler (segment=segment@entry=10, m1=m1@entry=0x7fb3c0e18be0, m2=m2@entry=0x7fb3c0e18bf0, request=request@entry=0x7fb3c0e18c00) at /home/buildbot/buildbot/build/mariadb-10.2.7/storage/innobase/os/os0file.cc:5683
#5  0x00007fb576356326 in fil_aio_wait (segment=segment@entry=10) at /home/buildbot/buildbot/build/mariadb-10.2.7/storage/innobase/fil/fil0fil.cc:5436
#6  0x00007fb57623ed08 in io_handler_thread (arg=<optimized out>) at /home/buildbot/buildbot/build/mariadb-10.2.7/storage/innobase/srv/srv0start.cc:339
#7  0x00007fb575451dc5 in start_thread () from /lib64/libpthread.so.0
#8  0x00007fb573aa573d in clone () from /lib64/libc.so.6

Thread 49 (Thread 0x7fb3c0618700 (LWP 21969)):
#0  0x00007fb575023644 in __io_getevents_0_4 () from /lib64/libaio.so.1
#1  0x00007fb57618ff14 in LinuxAIOHandler::collect (this=this@entry=0x7fb3c0617b30) at /home/buildbot/buildbot/build/mariadb-10.2.7/storage/innobase/os/os0file.cc:1886
#2  0x00007fb576190682 in LinuxAIOHandler::poll (this=this@entry=0x7fb3c0617b30, m1=m1@entry=0x7fb3c0617be0, m2=m2@entry=0x7fb3c0617bf0, request=request@entry=0x7fb3c0617c00) at /home/buildbot/buildbot/build/mariadb-10.2.7/storage/innobase/os/os0file.cc:2031
#3  0x00007fb576199c81 in os_aio_linux_handler (request=0x7fb3c0617c00, m2=0x7fb3c0617bf0, m1=0x7fb3c0617be0, global_segment=1) at /home/buildbot/buildbot/build/mariadb-10.2.7/storage/innobase/os/os0file.cc:2085
#4  os_aio_handler (segment=segment@entry=11, m1=m1@entry=0x7fb3c0617be0, m2=m2@entry=0x7fb3c0617bf0, request=request@entry=0x7fb3c0617c00) at /home/buildbot/buildbot/build/mariadb-10.2.7/storage/innobase/os/os0file.cc:5683
#5  0x00007fb576356326 in fil_aio_wait (segment=segment@entry=11) at /home/buildbot/buildbot/build/mariadb-10.2.7/storage/innobase/fil/fil0fil.cc:5436
#6  0x00007fb57623ed08 in io_handler_thread (arg=<optimized out>) at /home/buildbot/buildbot/build/mariadb-10.2.7/storage/innobase/srv/srv0start.cc:339
#7  0x00007fb575451dc5 in start_thread () from /lib64/libpthread.so.0
#8  0x00007fb573aa573d in clone () from /lib64/libc.so.6

Thread 48 (Thread 0x7fb3bfe17700 (LWP 21970)):
#0  0x00007fb575023644 in __io_getevents_0_4 () from /lib64/libaio.so.1
#1  0x00007fb57618ff14 in LinuxAIOHandler::collect (this=this@entry=0x7fb3bfe16b30) at /home/buildbot/buildbot/build/mariadb-10.2.7/storage/innobase/os/os0file.cc:1886
#2  0x00007fb576190682 in LinuxAIOHandler::poll (this=this@entry=0x7fb3bfe16b30, m1=m1@entry=0x7fb3bfe16be0, m2=m2@entry=0x7fb3bfe16bf0, request=request@entry=0x7fb3bfe16c00) at /home/buildbot/buildbot/build/mariadb-10.2.7/storage/innobase/os/os0file.cc:2031
#3  0x00007fb576199c81 in os_aio_linux_handler (request=0x7fb3bfe16c00, m2=0x7fb3bfe16bf0, m1=0x7fb3bfe16be0, global_segment=2) at /home/buildbot/buildbot/build/mariadb-10.2.7/storage/innobase/os/os0file.cc:2085
#4  os_aio_handler (segment=segment@entry=12, m1=m1@entry=0x7fb3bfe16be0, m2=m2@entry=0x7fb3bfe16bf0, request=request@entry=0x7fb3bfe16c00) at /home/buildbot/buildbot/build/mariadb-10.2.7/storage/innobase/os/os0file.cc:5683
#5  0x00007fb576356326 in fil_aio_wait (segment=segment@entry=12) at /home/buildbot/buildbot/build/mariadb-10.2.7/storage/innobase/fil/fil0fil.cc:5436
#6  0x00007fb57623ed08 in io_handler_thread (arg=<optimized out>) at /home/buildbot/buildbot/build/mariadb-10.2.7/storage/innobase/srv/srv0start.cc:339
#7  0x00007fb575451dc5 in start_thread () from /lib64/libpthread.so.0
#8  0x00007fb573aa573d in clone () from /lib64/libc.so.6

Thread 47 (Thread 0x7fb3bf616700 (LWP 21971)):
#0  0x00007fb575023644 in __io_getevents_0_4 () from /lib64/libaio.so.1
#1  0x00007fb57618ff14 in LinuxAIOHandler::collect (this=this@entry=0x7fb3bf615b30) at /home/buildbot/buildbot/build/mariadb-10.2.7/storage/innobase/os/os0file.cc:1886
#2  0x00007fb576190682 in LinuxAIOHandler::poll (this=this@entry=0x7fb3bf615b30, m1=m1@entry=0x7fb3bf615be0, m2=m2@entry=0x7fb3bf615bf0, request=request@entry=0x7fb3bf615c00) at /home/buildbot/buildbot/build/mariadb-10.2.7/storage/innobase/os/os0file.cc:2031
#3  0x00007fb576199c81 in os_aio_linux_handler (request=0x7fb3bf615c00, m2=0x7fb3bf615bf0, m1=0x7fb3bf615be0, global_segment=3) at /home/buildbot/buildbot/build/mariadb-10.2.7/storage/innobase/os/os0file.cc:2085
#4  os_aio_handler (segment=segment@entry=13, m1=m1@entry=0x7fb3bf615be0, m2=m2@entry=0x7fb3bf615bf0, request=request@entry=0x7fb3bf615c00) at /home/buildbot/buildbot/build/mariadb-10.2.7/storage/innobase/os/os0file.cc:5683
#5  0x00007fb576356326 in fil_aio_wait (segment=segment@entry=13) at /home/buildbot/buildbot/build/mariadb-10.2.7/storage/innobase/fil/fil0fil.cc:5436
#6  0x00007fb57623ed08 in io_handler_thread (arg=<optimized out>) at /home/buildbot/buildbot/build/mariadb-10.2.7/storage/innobase/srv/srv0start.cc:339
#7  0x00007fb575451dc5 in start_thread () from /lib64/libpthread.so.0
#8  0x00007fb573aa573d in clone () from /lib64/libc.so.6

Thread 46 (Thread 0x7fb3bee15700 (LWP 21972)):
#0  0x00007fb575023644 in __io_getevents_0_4 () from /lib64/libaio.so.1
#1  0x00007fb57618ff14 in LinuxAIOHandler::collect (this=this@entry=0x7fb3bee14b30) at /home/buildbot/buildbot/build/mariadb-10.2.7/storage/innobase/os/os0file.cc:1886
#2  0x00007fb576190682 in LinuxAIOHandler::poll (this=this@entry=0x7fb3bee14b30, m1=m1@entry=0x7fb3bee14be0, m2=m2@entry=0x7fb3bee14bf0, request=request@entry=0x7fb3bee14c00) at /home/buildbot/buildbot/build/mariadb-10.2.7/storage/innobase/os/os0file.cc:2031
#3  0x00007fb576199c81 in os_aio_linux_handler (request=0x7fb3bee14c00, m2=0x7fb3bee14bf0, m1=0x7fb3bee14be0, global_segment=4) at /home/buildbot/buildbot/build/mariadb-10.2.7/storage/innobase/os/os0file.cc:2085
#4  os_aio_handler (segment=segment@entry=14, m1=m1@entry=0x7fb3bee14be0, m2=m2@entry=0x7fb3bee14bf0, request=request@entry=0x7fb3bee14c00) at /home/buildbot/buildbot/build/mariadb-10.2.7/storage/innobase/os/os0file.cc:5683
#5  0x00007fb576356326 in fil_aio_wait (segment=segment@entry=14) at /home/buildbot/buildbot/build/mariadb-10.2.7/storage/innobase/fil/fil0fil.cc:5436
#6  0x00007fb57623ed08 in io_handler_thread (arg=<optimized out>) at /home/buildbot/buildbot/build/mariadb-10.2.7/storage/innobase/srv/srv0start.cc:339
#7  0x00007fb575451dc5 in start_thread () from /lib64/libpthread.so.0
#8  0x00007fb573aa573d in clone () from /lib64/libc.so.6

Thread 45 (Thread 0x7fb3be614700 (LWP 21973)):
#0  0x00007fb575023644 in __io_getevents_0_4 () from /lib64/libaio.so.1
#1  0x00007fb57618ff14 in LinuxAIOHandler::collect (this=this@entry=0x7fb3be613b30) at /home/buildbot/buildbot/build/mariadb-10.2.7/storage/innobase/os/os0file.cc:1886
#2  0x00007fb576190682 in LinuxAIOHandler::poll (this=this@entry=0x7fb3be613b30, m1=m1@entry=0x7fb3be613be0, m2=m2@entry=0x7fb3be613bf0, request=request@entry=0x7fb3be613c00) at /home/buildbot/buildbot/build/mariadb-10.2.7/storage/innobase/os/os0file.cc:2031
#3  0x00007fb576199c81 in os_aio_linux_handler (request=0x7fb3be613c00, m2=0x7fb3be613bf0, m1=0x7fb3be613be0, global_segment=5) at /home/buildbot/buildbot/build/mariadb-10.2.7/storage/innobase/os/os0file.cc:2085
#4  os_aio_handler (segment=segment@entry=15, m1=m1@entry=0x7fb3be613be0, m2=m2@entry=0x7fb3be613bf0, request=request@entry=0x7fb3be613c00) at /home/buildbot/buildbot/build/mariadb-10.2.7/storage/innobase/os/os0file.cc:5683
#5  0x00007fb576356326 in fil_aio_wait (segment=segment@entry=15) at /home/buildbot/buildbot/build/mariadb-10.2.7/storage/innobase/fil/fil0fil.cc:5436
#6  0x00007fb57623ed08 in io_handler_thread (arg=<optimized out>) at /home/buildbot/buildbot/build/mariadb-10.2.7/storage/innobase/srv/srv0start.cc:339
#7  0x00007fb575451dc5 in start_thread () from /lib64/libpthread.so.0
#8  0x00007fb573aa573d in clone () from /lib64/libc.so.6

Thread 44 (Thread 0x7fb3bde13700 (LWP 21974)):
#0  0x00007fb575023644 in __io_getevents_0_4 () from /lib64/libaio.so.1
#1  0x00007fb57618ff14 in LinuxAIOHandler::collect (this=this@entry=0x7fb3bde12b30) at /home/buildbot/buildbot/build/mariadb-10.2.7/storage/innobase/os/os0file.cc:1886
#2  0x00007fb576190682 in LinuxAIOHandler::poll (this=this@entry=0x7fb3bde12b30, m1=m1@entry=0x7fb3bde12be0, m2=m2@entry=0x7fb3bde12bf0, request=request@entry=0x7fb3bde12c00) at /home/buildbot/buildbot/build/mariadb-10.2.7/storage/innobase/os/os0file.cc:2031
#3  0x00007fb576199c81 in os_aio_linux_handler (request=0x7fb3bde12c00, m2=0x7fb3bde12bf0, m1=0x7fb3bde12be0, global_segment=6) at /home/buildbot/buildbot/build/mariadb-10.2.7/storage/innobase/os/os0file.cc:2085
#4  os_aio_handler (segment=segment@entry=16, m1=m1@entry=0x7fb3bde12be0, m2=m2@entry=0x7fb3bde12bf0, request=request@entry=0x7fb3bde12c00) at /home/buildbot/buildbot/build/mariadb-10.2.7/storage/innobase/os/os0file.cc:5683
#5  0x00007fb576356326 in fil_aio_wait (segment=segment@entry=16) at /home/buildbot/buildbot/build/mariadb-10.2.7/storage/innobase/fil/fil0fil.cc:5436
#6  0x00007fb57623ed08 in io_handler_thread (arg=<optimized out>) at /home/buildbot/buildbot/build/mariadb-10.2.7/storage/innobase/srv/srv0start.cc:339
#7  0x00007fb575451dc5 in start_thread () from /lib64/libpthread.so.0
#8  0x00007fb573aa573d in clone () from /lib64/libc.so.6

Thread 43 (Thread 0x7fb3bd612700 (LWP 21975)):
#0  0x00007fb575023644 in __io_getevents_0_4 () from /lib64/libaio.so.1
#1  0x00007fb57618ff14 in LinuxAIOHandler::collect (this=this@entry=0x7fb3bd611b30) at /home/buildbot/buildbot/build/mariadb-10.2.7/storage/innobase/os/os0file.cc:1886
#2  0x00007fb576190682 in LinuxAIOHandler::poll (this=this@entry=0x7fb3bd611b30, m1=m1@entry=0x7fb3bd611be0, m2=m2@entry=0x7fb3bd611bf0, request=request@entry=0x7fb3bd611c00) at /home/buildbot/buildbot/build/mariadb-10.2.7/storage/innobase/os/os0file.cc:2031
#3  0x00007fb576199c81 in os_aio_linux_handler (request=0x7fb3bd611c00, m2=0x7fb3bd611bf0, m1=0x7fb3bd611be0, global_segment=7) at /home/buildbot/buildbot/build/mariadb-10.2.7/storage/innobase/os/os0file.cc:2085
#4  os_aio_handler (segment=segment@entry=17, m1=m1@entry=0x7fb3bd611be0, m2=m2@entry=0x7fb3bd611bf0, request=request@entry=0x7fb3bd611c00) at /home/buildbot/buildbot/build/mariadb-10.2.7/storage/innobase/os/os0file.cc:5683
#5  0x00007fb576356326 in fil_aio_wait (segment=segment@entry=17) at /home/buildbot/buildbot/build/mariadb-10.2.7/storage/innobase/fil/fil0fil.cc:5436
#6  0x00007fb57623ed08 in io_handler_thread (arg=<optimized out>) at /home/buildbot/buildbot/build/mariadb-10.2.7/storage/innobase/srv/srv0start.cc:339
#7  0x00007fb575451dc5 in start_thread () from /lib64/libpthread.so.0
#8  0x00007fb573aa573d in clone () from /lib64/libc.so.6

Thread 42 (Thread 0x7fb3bce11700 (LWP 21976)):
#0  0x00007fb575455a82 in pthread_cond_timedwait@@GLIBC_2.3.2 () from /lib64/libpthread.so.0
#1  0x00007fb57619adb3 in os_event::timed_wait (this=this@entry=0x7fb578b31c80, abstime=abstime@entry=0x7fb3bce10a30) at /home/buildbot/buildbot/build/mariadb-10.2.7/storage/innobase/os/os0event.cc:286
#2  0x00007fb57619afc1 in os_event::wait_time_low (this=0x7fb578b31c80, time_in_usec=<optimized out>, reset_sig_count=<optimized out>, reset_sig_count@entry=2) at /home/buildbot/buildbot/build/mariadb-10.2.7/storage/innobase/os/os0event.cc:413
#3  0x00007fb57619b2ca in os_event_wait_time_low (event=<optimized out>, time_in_usec=<optimized out>, reset_sig_count=reset_sig_count@entry=2) at /home/buildbot/buildbot/build/mariadb-10.2.7/storage/innobase/os/os0event.cc:518
#4  0x00007fb5762f670f in pc_sleep_if_needed (sig_count=2, next_loop_time=1500639855606) at /home/buildbot/buildbot/build/mariadb-10.2.7/storage/innobase/buf/buf0flu.cc:2713
#5  buf_flush_page_cleaner_coordinator (arg=<optimized out>) at /home/buildbot/buildbot/build/mariadb-10.2.7/storage/innobase/buf/buf0flu.cc:3214
#6  0x00007fb575451dc5 in start_thread () from /lib64/libpthread.so.0
#7  0x00007fb573aa573d in clone () from /lib64/libc.so.6

Thread 41 (Thread 0x7fb3bc610700 (LWP 21977)):
#0  0x00007fb5754556d5 in pthread_cond_wait@@GLIBC_2.3.2 () from /lib64/libpthread.so.0
#1  0x00007fb57619b311 in wait (this=<optimized out>) at /home/buildbot/buildbot/build/mariadb-10.2.7/storage/innobase/os/os0event.cc:166
#2  wait_low (reset_sig_count=<optimized out>, this=0x7fb581c35d90) at /home/buildbot/buildbot/build/mariadb-10.2.7/storage/innobase/os/os0event.cc:336
#3  os_event_wait_low (event=0x7fb581c35d90, reset_sig_count=reset_sig_count@entry=0) at /home/buildbot/buildbot/build/mariadb-10.2.7/storage/innobase/os/os0event.cc:535
#4  0x00007fb5762f612f in buf_flush_page_cleaner_worker (arg=<optimized out>) at /home/buildbot/buildbot/build/mariadb-10.2.7/storage/innobase/buf/buf0flu.cc:3519
#5  0x00007fb575451dc5 in start_thread () from /lib64/libpthread.so.0
#6  0x00007fb573aa573d in clone () from /lib64/libc.so.6

Thread 40 (Thread 0x7fb3bbe0f700 (LWP 21978)):
#0  0x00007fb5754556d5 in pthread_cond_wait@@GLIBC_2.3.2 () from /lib64/libpthread.so.0
#1  0x00007fb57619b311 in wait (this=<optimized out>) at /home/buildbot/buildbot/build/mariadb-10.2.7/storage/innobase/os/os0event.cc:166
#2  wait_low (reset_sig_count=<optimized out>, this=0x7fb581c35d90) at /home/buildbot/buildbot/build/mariadb-10.2.7/storage/innobase/os/os0event.cc:336
#3  os_event_wait_low (event=0x7fb581c35d90, reset_sig_count=reset_sig_count@entry=0) at /home/buildbot/buildbot/build/mariadb-10.2.7/storage/innobase/os/os0event.cc:535
#4  0x00007fb5762f612f in buf_flush_page_cleaner_worker (arg=<optimized out>) at /home/buildbot/buildbot/build/mariadb-10.2.7/storage/innobase/buf/buf0flu.cc:3519
#5  0x00007fb575451dc5 in start_thread () from /lib64/libpthread.so.0
#6  0x00007fb573aa573d in clone () from /lib64/libc.so.6

Thread 39 (Thread 0x7fb3bb60e700 (LWP 21979)):
#0  0x00007fb5754556d5 in pthread_cond_wait@@GLIBC_2.3.2 () from /lib64/libpthread.so.0
#1  0x00007fb57619b311 in wait (this=<optimized out>) at /home/buildbot/buildbot/build/mariadb-10.2.7/storage/innobase/os/os0event.cc:166
#2  wait_low (reset_sig_count=<optimized out>, this=0x7fb581c35d90) at /home/buildbot/buildbot/build/mariadb-10.2.7/storage/innobase/os/os0event.cc:336
#3  os_event_wait_low (event=0x7fb581c35d90, reset_sig_count=reset_sig_count@entry=0) at /home/buildbot/buildbot/build/mariadb-10.2.7/storage/innobase/os/os0event.cc:535
#4  0x00007fb5762f612f in buf_flush_page_cleaner_worker (arg=<optimized out>) at /home/buildbot/buildbot/build/mariadb-10.2.7/storage/innobase/buf/buf0flu.cc:3519
#5  0x00007fb575451dc5 in start_thread () from /lib64/libpthread.so.0
#6  0x00007fb573aa573d in clone () from /lib64/libc.so.6

Thread 38 (Thread 0x7fb3babe7700 (LWP 21982)):
#0  0x00007fb575455a82 in pthread_cond_timedwait@@GLIBC_2.3.2 () from /lib64/libpthread.so.0
#1  0x00007fb57619adb3 in os_event::timed_wait (this=this@entry=0x7fb581c32920, abstime=abstime@entry=0x7fb3babe6c20) at /home/buildbot/buildbot/build/mariadb-10.2.7/storage/innobase/os/os0event.cc:286
#2  0x00007fb57619afc1 in os_event::wait_time_low (this=this@entry=0x7fb581c32920, time_in_usec=time_in_usec@entry=1000000, reset_sig_count=<optimized out>, reset_sig_count@entry=1) at /home/buildbot/buildbot/build/mariadb-10.2.7/storage/innobase/os/os0event.cc:413
#3  0x00007fb57619b2ca in os_event_wait_time_low (event=event@entry=0x7fb581c32920, time_in_usec=time_in_usec@entry=1000000, reset_sig_count=reset_sig_count@entry=1) at /home/buildbot/buildbot/build/mariadb-10.2.7/storage/innobase/os/os0event.cc:518
#4  0x00007fb5761636e7 in lock_wait_timeout_thread () at /home/buildbot/buildbot/build/mariadb-10.2.7/storage/innobase/lock/lock0wait.cc:530
#5  0x00007fb575451dc5 in start_thread () from /lib64/libpthread.so.0
#6  0x00007fb573aa573d in clone () from /lib64/libc.so.6

Thread 37 (Thread 0x7fb3cef3d700 (LWP 21983)):
#0  0x00007fb575455a82 in pthread_cond_timedwait@@GLIBC_2.3.2 () from /lib64/libpthread.so.0
#1  0x00007fb57619adb3 in os_event::timed_wait (this=this@entry=0x7fb578b31b00, abstime=abstime@entry=0x7fb3cef3cb40) at /home/buildbot/buildbot/build/mariadb-10.2.7/storage/innobase/os/os0event.cc:286
#2  0x00007fb57619afc1 in os_event::wait_time_low (this=0x7fb578b31b00, time_in_usec=time_in_usec@entry=1000000, reset_sig_count=<optimized out>) at /home/buildbot/buildbot/build/mariadb-10.2.7/storage/innobase/os/os0event.cc:413
#3  0x00007fb57619b2ca in os_event_wait_time_low (event=<optimized out>, time_in_usec=time_in_usec@entry=1000000, reset_sig_count=<optimized out>) at /home/buildbot/buildbot/build/mariadb-10.2.7/storage/innobase/os/os0event.cc:518
#4  0x00007fb576238b63 in srv_error_monitor_thread () at /home/buildbot/buildbot/build/mariadb-10.2.7/storage/innobase/srv/srv0srv.cc:1978
#5  0x00007fb575451dc5 in start_thread () from /lib64/libpthread.so.0
#6  0x00007fb573aa573d in clone () from /lib64/libc.so.6

Thread 36 (Thread 0x7fb3ce73c700 (LWP 21984)):
#0  0x00007fb575455a82 in pthread_cond_timedwait@@GLIBC_2.3.2 () from /lib64/libpthread.so.0
#1  0x00007fb57619adb3 in os_event::timed_wait (this=this@entry=0x7fb578b31b80, abstime=abstime@entry=0x7fb3ce73bd50) at /home/buildbot/buildbot/build/mariadb-10.2.7/storage/innobase/os/os0event.cc:286
#2  0x00007fb57619afc1 in os_event::wait_time_low (this=0x7fb578b31b80, time_in_usec=time_in_usec@entry=5000000, reset_sig_count=<optimized out>) at /home/buildbot/buildbot/build/mariadb-10.2.7/storage/innobase/os/os0event.cc:413
#3  0x00007fb57619b2ca in os_event_wait_time_low (event=<optimized out>, time_in_usec=time_in_usec@entry=5000000, reset_sig_count=<optimized out>) at /home/buildbot/buildbot/build/mariadb-10.2.7/storage/innobase/os/os0event.cc:518
#4  0x00007fb57623bb04 in srv_monitor_thread () at /home/buildbot/buildbot/build/mariadb-10.2.7/storage/innobase/srv/srv0srv.cc:1753
#5  0x00007fb575451dc5 in start_thread () from /lib64/libpthread.so.0
#6  0x00007fb573aa573d in clone () from /lib64/libc.so.6

Thread 35 (Thread 0x7fb3cdf3b700 (LWP 21985)):
#0  0x00007fb575458bdd in nanosleep () from /lib64/libpthread.so.0
#1  0x00007fb57619b520 in os_thread_sleep (tm=tm@entry=1000000) at /home/buildbot/buildbot/build/mariadb-10.2.7/storage/innobase/os/os0thread.cc:230
#2  0x00007fb57623c148 in srv_master_sleep () at /home/buildbot/buildbot/build/mariadb-10.2.7/storage/innobase/srv/srv0srv.cc:2467
#3  srv_master_thread (arg=<optimized out>) at /home/buildbot/buildbot/build/mariadb-10.2.7/storage/innobase/srv/srv0srv.cc:2512
#4  0x00007fb575451dc5 in start_thread () from /lib64/libpthread.so.0
#5  0x00007fb573aa573d in clone () from /lib64/libc.so.6

Thread 34 (Thread 0x7fb3cd73a700 (LWP 21986)):
#0  0x00007fb575455a82 in pthread_cond_timedwait@@GLIBC_2.3.2 () from /lib64/libpthread.so.0
#1  0x00007fb57619adb3 in os_event::timed_wait (this=this@entry=0x7fb581c38fc0, abstime=abstime@entry=0x7fb3cd739c30) at /home/buildbot/buildbot/build/mariadb-10.2.7/storage/innobase/os/os0event.cc:286
#2  0x00007fb57619afc1 in os_event::wait_time_low (this=0x7fb581c38fc0, time_in_usec=time_in_usec@entry=10000000, reset_sig_count=<optimized out>, reset_sig_count@entry=0) at /home/buildbot/buildbot/build/mariadb-10.2.7/storage/innobase/os/os0event.cc:413
#3  0x00007fb57619b2ca in os_event_wait_time_low (event=<optimized out>, time_in_usec=time_in_usec@entry=10000000, reset_sig_count=reset_sig_count@entry=0) at /home/buildbot/buildbot/build/mariadb-10.2.7/storage/innobase/os/os0event.cc:518
#4  0x00007fb57634caac in dict_stats_thread () at /home/buildbot/buildbot/build/mariadb-10.2.7/storage/innobase/dict/dict0stats_bg.cc:451
#5  0x00007fb575451dc5 in start_thread () from /lib64/libpthread.so.0
#6  0x00007fb573aa573d in clone () from /lib64/libc.so.6

Thread 33 (Thread 0x7fb3ccf39700 (LWP 21987)):
#0  0x00007fb575455a82 in pthread_cond_timedwait@@GLIBC_2.3.2 () from /lib64/libpthread.so.0
#1  0x00007fb57619adb3 in os_event::timed_wait (this=this@entry=0x7fb581c8ecb0, abstime=abstime@entry=0x7fb3ccf38af0) at /home/buildbot/buildbot/build/mariadb-10.2.7/storage/innobase/os/os0event.cc:286
#2  0x00007fb57619afc1 in os_event::wait_time_low (this=0x7fb581c8ecb0, time_in_usec=time_in_usec@entry=5000000, reset_sig_count=<optimized out>, reset_sig_count@entry=1) at /home/buildbot/buildbot/build/mariadb-10.2.7/storage/innobase/os/os0event.cc:413
#3  0x00007fb57619b2ca in os_event_wait_time_low (event=<optimized out>, time_in_usec=time_in_usec@entry=5000000, reset_sig_count=reset_sig_count@entry=1) at /home/buildbot/buildbot/build/mariadb-10.2.7/storage/innobase/os/os0event.cc:518
#4  0x00007fb576295a3e in ib_wqueue_timedwait (wq=wq@entry=0x7fb581cafbe0, wait_in_usecs=wait_in_usecs@entry=5000000) at /home/buildbot/buildbot/build/mariadb-10.2.7/storage/innobase/ut/ut0wqueue.cc:163
#5  0x00007fb5763a63f3 in fts_optimize_thread (arg=<optimized out>) at /home/buildbot/buildbot/build/mariadb-10.2.7/storage/innobase/fts/fts0opt.cc:3041
#6  0x00007fb575451dc5 in start_thread () from /lib64/libpthread.so.0
#7  0x00007fb573aa573d in clone () from /lib64/libc.so.6

Thread 32 (Thread 0x7fb3cc738700 (LWP 21988)):
#0  0x00007fb5754556d5 in pthread_cond_wait@@GLIBC_2.3.2 () from /lib64/libpthread.so.0
#1  0x00007fb57619b311 in wait (this=<optimized out>) at /home/buildbot/buildbot/build/mariadb-10.2.7/storage/innobase/os/os0event.cc:166
#2  wait_low (reset_sig_count=<optimized out>, this=0x7fb578b31900) at /home/buildbot/buildbot/build/mariadb-10.2.7/storage/innobase/os/os0event.cc:336
#3  os_event_wait_low (event=0x7fb578b31900, reset_sig_count=reset_sig_count@entry=18934) at /home/buildbot/buildbot/build/mariadb-10.2.7/storage/innobase/os/os0event.cc:535
#4  0x00007fb57623e193 in srv_resume_thread (timeout_usec=0, wait=true, sig_count=18934, slot=0x7fb576df7940 <srv_sys+192>) at /home/buildbot/buildbot/build/mariadb-10.2.7/storage/innobase/srv/srv0srv.cc:951
#5  srv_purge_coordinator_suspend (rseg_history_len=<optimized out>, slot=<optimized out>) at /home/buildbot/buildbot/build/mariadb-10.2.7/storage/innobase/srv/srv0srv.cc:2809
#6  srv_purge_coordinator_thread (arg=<optimized out>) at /home/buildbot/buildbot/build/mariadb-10.2.7/storage/innobase/srv/srv0srv.cc:2896
#7  0x00007fb575451dc5 in start_thread () from /lib64/libpthread.so.0
#8  0x00007fb573aa573d in clone () from /lib64/libc.so.6

Thread 31 (Thread 0x7fb3cbf37700 (LWP 21989)):
#0  0x00007fb5754556d5 in pthread_cond_wait@@GLIBC_2.3.2 () from /lib64/libpthread.so.0
#1  0x00007fb57619b311 in wait (this=<optimized out>) at /home/buildbot/buildbot/build/mariadb-10.2.7/storage/innobase/os/os0event.cc:166
#2  wait_low (reset_sig_count=<optimized out>, this=0x7fb578b31980) at /home/buildbot/buildbot/build/mariadb-10.2.7/storage/innobase/os/os0event.cc:336
#3  os_event_wait_low (event=0x7fb578b31980, reset_sig_count=reset_sig_count@entry=0) at /home/buildbot/buildbot/build/mariadb-10.2.7/storage/innobase/os/os0event.cc:535
#4  0x00007fb57623cf75 in srv_resume_thread (sig_count=0, timeout_usec=0, wait=true, slot=0x7fb576df7978 <srv_sys+248>) at /home/buildbot/buildbot/build/mariadb-10.2.7/storage/innobase/srv/srv0srv.cc:951
#5  srv_worker_thread (arg=<optimized out>) at /home/buildbot/buildbot/build/mariadb-10.2.7/storage/innobase/srv/srv0srv.cc:2656
#6  0x00007fb575451dc5 in start_thread () from /lib64/libpthread.so.0
#7  0x00007fb573aa573d in clone () from /lib64/libc.so.6

Thread 30 (Thread 0x7fb3cb736700 (LWP 21990)):
#0  0x00007fb5754556d5 in pthread_cond_wait@@GLIBC_2.3.2 () from /lib64/libpthread.so.0
#1  0x00007fb57619b311 in wait (this=<optimized out>) at /home/buildbot/buildbot/build/mariadb-10.2.7/storage/innobase/os/os0event.cc:166
#2  wait_low (reset_sig_count=<optimized out>, this=0x7fb578b31a00) at /home/buildbot/buildbot/build/mariadb-10.2.7/storage/innobase/os/os0event.cc:336
#3  os_event_wait_low (event=0x7fb578b31a00, reset_sig_count=reset_sig_count@entry=0) at /home/buildbot/buildbot/build/mariadb-10.2.7/storage/innobase/os/os0event.cc:535
#4  0x00007fb57623cf75 in srv_resume_thread (sig_count=0, timeout_usec=0, wait=true, slot=0x7fb576df79b0 <srv_sys+304>) at /home/buildbot/buildbot/build/mariadb-10.2.7/storage/innobase/srv/srv0srv.cc:951
#5  srv_worker_thread (arg=<optimized out>) at /home/buildbot/buildbot/build/mariadb-10.2.7/storage/innobase/srv/srv0srv.cc:2656
#6  0x00007fb575451dc5 in start_thread () from /lib64/libpthread.so.0
#7  0x00007fb573aa573d in clone () from /lib64/libc.so.6

Thread 29 (Thread 0x7fb3caf35700 (LWP 21991)):
#0  0x00007fb5754556d5 in pthread_cond_wait@@GLIBC_2.3.2 () from /lib64/libpthread.so.0
#1  0x00007fb57619b311 in wait (this=<optimized out>) at /home/buildbot/buildbot/build/mariadb-10.2.7/storage/innobase/os/os0event.cc:166
#2  wait_low (reset_sig_count=<optimized out>, this=0x7fb578b31a80) at /home/buildbot/buildbot/build/mariadb-10.2.7/storage/innobase/os/os0event.cc:336
#3  os_event_wait_low (event=0x7fb578b31a80, reset_sig_count=reset_sig_count@entry=0) at /home/buildbot/buildbot/build/mariadb-10.2.7/storage/innobase/os/os0event.cc:535
#4  0x00007fb57623cf75 in srv_resume_thread (sig_count=0, timeout_usec=0, wait=true, slot=0x7fb576df79e8 <srv_sys+360>) at /home/buildbot/buildbot/build/mariadb-10.2.7/storage/innobase/srv/srv0srv.cc:951
#5  srv_worker_thread (arg=<optimized out>) at /home/buildbot/buildbot/build/mariadb-10.2.7/storage/innobase/srv/srv0srv.cc:2656
#6  0x00007fb575451dc5 in start_thread () from /lib64/libpthread.so.0
#7  0x00007fb573aa573d in clone () from /lib64/libc.so.6

Thread 28 (Thread 0x7fb3ca734700 (LWP 21992)):
#0  0x00007fb5754556d5 in pthread_cond_wait@@GLIBC_2.3.2 () from /lib64/libpthread.so.0
#1  0x00007fb57619b311 in wait (this=<optimized out>) at /home/buildbot/buildbot/build/mariadb-10.2.7/storage/innobase/os/os0event.cc:166
#2  wait_low (reset_sig_count=<optimized out>, this=0x7fb578b31c00) at /home/buildbot/buildbot/build/mariadb-10.2.7/storage/innobase/os/os0event.cc:336
#3  os_event_wait_low (event=0x7fb578b31c00, reset_sig_count=reset_sig_count@entry=0) at /home/buildbot/buildbot/build/mariadb-10.2.7/storage/innobase/os/os0event.cc:535
#4  0x00007fb5762e9247 in buf_dump_thread () at /home/buildbot/buildbot/build/mariadb-10.2.7/storage/innobase/buf/buf0dump.cc:815
#5  0x00007fb575451dc5 in start_thread () from /lib64/libpthread.so.0
#6  0x00007fb573aa573d in clone () from /lib64/libc.so.6

Thread 27 (Thread 0x7fb3c9f33700 (LWP 21993)):
#0  0x00007fb575458bdd in nanosleep () from /lib64/libpthread.so.0
#1  0x00007fb57619b520 in os_thread_sleep (tm=tm@entry=1000000) at /home/buildbot/buildbot/build/mariadb-10.2.7/storage/innobase/os/os0thread.cc:230
#2  0x00007fb5762cdfca in btr_defragment_thread () at /home/buildbot/buildbot/build/mariadb-10.2.7/storage/innobase/btr/btr0defragment.cc:771
#3  0x00007fb575451dc5 in start_thread () from /lib64/libpthread.so.0
#4  0x00007fb573aa573d in clone () from /lib64/libc.so.6

Thread 26 (Thread 0x7fb3c9732700 (LWP 21994)):
#0  0x00007fb5754556d5 in pthread_cond_wait@@GLIBC_2.3.2 () from /lib64/libpthread.so.0
#1  0x00007fb57619b311 in wait (this=<optimized out>) at /home/buildbot/buildbot/build/mariadb-10.2.7/storage/innobase/os/os0event.cc:166
#2  wait_low (reset_sig_count=<optimized out>, this=0x7fb578b31d00) at /home/buildbot/buildbot/build/mariadb-10.2.7/storage/innobase/os/os0event.cc:336
#3  os_event_wait_low (event=0x7fb578b31d00, reset_sig_count=reset_sig_count@entry=0) at /home/buildbot/buildbot/build/mariadb-10.2.7/storage/innobase/os/os0event.cc:535
#4  0x00007fb5762df022 in buf_resize_thread () at /home/buildbot/buildbot/build/mariadb-10.2.7/storage/innobase/buf/buf0buf.cc:3085
#5  0x00007fb575451dc5 in start_thread () from /lib64/libpthread.so.0
#6  0x00007fb573aa573d in clone () from /lib64/libc.so.6

Thread 25 (Thread 0x7fb3b8b94700 (LWP 21995)):
#0  0x00007fb5754556d5 in pthread_cond_wait@@GLIBC_2.3.2 () from /lib64/libpthread.so.0
#1  0x00007fb57610a18d in inline_mysql_cond_wait (src_file=0x7fb57669eee8 "/home/buildbot/buildbot/build/mariadb-10.2.7/storage/innobase/handler/ha_innodb.cc", src_line=344, mutex=0x7fb3b8b93d30, that=0x7fb3b8b93d60) at /home/buildbot/buildbot/build/mariadb-10.2.7/include/mysql/psi/mysql_thread.h:1149
#2  thd_destructor_proxy () at /home/buildbot/buildbot/build/mariadb-10.2.7/storage/innobase/handler/ha_innodb.cc:344
#3  0x00007fb575451dc5 in start_thread () from /lib64/libpthread.so.0
#4  0x00007fb573aa573d in clone () from /lib64/libc.so.6

Thread 24 (Thread 0x7fb393ab3700 (LWP 21996)):
#0  0x00007fb575455a82 in pthread_cond_timedwait@@GLIBC_2.3.2 () from /lib64/libpthread.so.0
#1  0x00007fb576450f1f in inline_mysql_cond_timedwait (src_file=0x7fb5766ecfe0 "/home/buildbot/buildbot/build/mariadb-10.2.7/storage/maria/ma_servicethread.c", src_line=116, abstime=0x7fb393ab2c90, mutex=0x7fb5776f7800 <LOCK_checkpoint>, that=0x7fb5776f77c0 <COND_checkpoint>) at /home/buildbot/buildbot/build/mariadb-10.2.7/include/mysql/psi/mysql_thread.h:1186
#2  my_service_thread_sleep (control=control@entry=0x7fb576dfbb80 <checkpoint_control>, sleep_time=<optimized out>) at /home/buildbot/buildbot/build/mariadb-10.2.7/storage/maria/ma_servicethread.c:115
#3  0x00007fb576448a4a in ma_checkpoint_background (arg=0x1e) at /home/buildbot/buildbot/build/mariadb-10.2.7/storage/maria/ma_checkpoint.c:708
#4  0x00007fb575451dc5 in start_thread () from /lib64/libpthread.so.0
#5  0x00007fb573aa573d in clone () from /lib64/libc.so.6

Thread 23 (Thread 0x7fb3c8f31700 (LWP 21997)):
#0  0x00007fb5754556d5 in pthread_cond_wait@@GLIBC_2.3.2 () from /lib64/libpthread.so.0
#1  0x00007fb576051024 in inline_mysql_cond_wait (that=0x7fb576ea1d48 <mysql_bin_log+3192>, mutex=0x7fb576ea1d18 <mysql_bin_log+3144>, src_file=0x7fb576697f58 "/home/buildbot/buildbot/build/mariadb-10.2.7/sql/log.cc", src_line=9655) at /home/buildbot/buildbot/build/mariadb-10.2.7/include/mysql/psi/mysql_thread.h:1149
#2  binlog_background_thread (arg=<optimized out>) at /home/buildbot/buildbot/build/mariadb-10.2.7/sql/log.cc:9655
#3  0x00007fb575451dc5 in start_thread () from /lib64/libpthread.so.0
#4  0x00007fb573aa573d in clone () from /lib64/libc.so.6

Thread 22 (Thread 0x7fb3c8ef0700 (LWP 21998)):
#0  0x00007fb575459101 in sigwait () from /lib64/libpthread.so.0
#1  0x00007fb575d1d4fb in signal_hand (arg=<optimized out>) at /home/buildbot/buildbot/build/mariadb-10.2.7/sql/mysqld.cc:3490
#2  0x00007fb575451dc5 in start_thread () from /lib64/libpthread.so.0
#3  0x00007fb573aa573d in clone () from /lib64/libc.so.6

Thread 21 (Thread 0x7fb3c8eaf700 (LWP 21999)):
#0  0x00007fb5754556d5 in pthread_cond_wait@@GLIBC_2.3.2 () from /lib64/libpthread.so.0
#1  0x00007fb575d388af in inline_mysql_cond_wait (that=<optimized out>, mutex=<optimized out>, src_file=0x7fb5765aed90 "/home/buildbot/buildbot/build/mariadb-10.2.7/sql/slave.cc", src_line=334) at /home/buildbot/buildbot/build/mariadb-10.2.7/include/mysql/psi/mysql_thread.h:1149
#2  handle_slave_background (arg=<optimized out>) at /home/buildbot/buildbot/build/mariadb-10.2.7/sql/slave.cc:334
#3  0x00007fb575451dc5 in start_thread () from /lib64/libpthread.so.0
#4  0x00007fb573aa573d in clone () from /lib64/libc.so.6

Thread 20 (Thread 0x7fb3c8ca7700 (LWP 22965)):
#0  0x00007fb57545503e in pthread_rwlock_wrlock () from /lib64/libpthread.so.0
#1  0x00007fb575ee3171 in inline_mysql_rwlock_wrlock (src_file=0x7fb5765d3a90 "/home/buildbot/buildbot/build/mariadb-10.2.7/sql/sql_sequence.cc", src_line=368, that=0x7fb33c046928) at /home/buildbot/buildbot/build/mariadb-10.2.7/include/mysql/psi/mysql_thread.h:935
#2  SEQUENCE::write_lock (this=this@entry=0x7fb33c0468c0, table=0x7fb3401d2968) at /home/buildbot/buildbot/build/mariadb-10.2.7/sql/sql_sequence.cc:368
#3  0x00007fb575ee35ba in SEQUENCE::read_initial_values (this=0x7fb33c0468c0, table_arg=<optimized out>) at /home/buildbot/buildbot/build/mariadb-10.2.7/sql/sql_sequence.cc:402
#4  0x00007fb576502cff in ha_sequence::open (this=0x7fb3401d3c80, name=<optimized out>, mode=<optimized out>, flags=<optimized out>) at /home/buildbot/buildbot/build/mariadb-10.2.7/sql/ha_sequence.cc:110
#5  0x00007fb575f76ed3 in handler::ha_open (this=0x7fb3401d3c80, table_arg=table_arg@entry=0x7fb3401d2968, name=0x7fb33c030fd8 "./ocoedb/ocoe_seq_audit_his_seq", mode=mode@entry=2, test_if_locked=test_if_locked@entry=18) at /home/buildbot/buildbot/build/mariadb-10.2.7/sql/handler.cc:2478
#6  0x00007fb575e63142 in open_table_from_share (thd=thd@entry=0x7fb3400009f8, share=share@entry=0x7fb33c030bb0, alias=<optimized out>, db_stat=db_stat@entry=33, prgflag=prgflag@entry=8, ha_open_flags=18, outparam=<optimized out>, is_create_table=<optimized out>, is_create_table@entry=false) at /home/buildbot/buildbot/build/mariadb-10.2.7/sql/table.cc:3347
#7  0x00007fb575d6c429 in open_table (thd=thd@entry=0x7fb3400009f8, table_list=table_list@entry=0x7fb340117128, ot_ctx=ot_ctx@entry=0x7fb3c8ca0e00) at /home/buildbot/buildbot/build/mariadb-10.2.7/sql/sql_base.cc:1877
#8  0x00007fb575d6f0a1 in open_and_process_table (ot_ctx=0x7fb3c8ca0e00, has_prelocking_list=false, prelocking_strategy=0x7fb3c8ca0ea0, flags=1090, counter=0x7fb3c8ca0e9c, tables=0x7fb340117128, lex=0x7fb3c8ca1030, thd=0x7fb3400009f8) at /home/buildbot/buildbot/build/mariadb-10.2.7/sql/sql_base.cc:3414
#9  open_tables (thd=thd@entry=0x7fb3400009f8, options=..., start=start@entry=0x7fb3c8ca0e88, counter=counter@entry=0x7fb3c8ca0e9c, flags=1090, prelocking_strategy=prelocking_strategy@entry=0x7fb3c8ca0ea0) at /home/buildbot/buildbot/build/mariadb-10.2.7/sql/sql_base.cc:3934
#10 0x00007fb575d6f5a9 in open_tables (prelocking_strategy=0x7fb3c8ca0ea0, flags=<optimized out>, counter=0x7fb3c8ca0e9c, tables=0x7fb3c8ca0e88, thd=0x7fb3400009f8) at /home/buildbot/buildbot/build/mariadb-10.2.7/sql/sql_base.h:236
#11 open_normal_and_derived_tables (thd=thd@entry=0x7fb3400009f8, tables=tables@entry=0x7fb340117128, flags=<optimized out>, dt_phases=dt_phases@entry=34) at /home/buildbot/buildbot/build/mariadb-10.2.7/sql/sql_base.cc:4752
#12 0x00007fb575d6f64f in open_tables_only_view_structure (thd=thd@entry=0x7fb3400009f8, table_list=table_list@entry=0x7fb340117128, can_deadlock=can_deadlock@entry=false) at /home/buildbot/buildbot/build/mariadb-10.2.7/sql/sql_base.cc:4809
#13 0x00007fb575e128a4 in fill_schema_table_by_open (thd=thd@entry=0x7fb3400009f8, is_show_fields_or_keys=is_show_fields_or_keys@entry=false, table=table@entry=0x7fb340016980, orig_db_name=orig_db_name@entry=0x7fb3400153b8, orig_table_name=orig_table_name@entry=0x7fb340115a60, open_tables_state_backup=open_tables_state_backup@entry=0x7fb3c8ca27b0, can_deadlock=can_deadlock@entry=false, schema_table=0x7fb576dd2cc0 <schema_tables+1792>, schema_table=0x7fb576dd2cc0 <schema_tables+1792>) at /home/buildbot/buildbot/build/mariadb-10.2.7/sql/sql_show.cc:4359
#14 0x00007fb575e257f5 in get_all_tables (thd=0x7fb3400009f8, tables=0x7fb340010630, cond=<optimized out>) at /home/buildbot/buildbot/build/mariadb-10.2.7/sql/sql_show.cc:5000
#15 0x00007fb575e26ed6 in get_schema_tables_result (join=join@entry=0x7fb340012630, executed_place=executed_place@entry=PROCESSED_BY_JOIN_EXEC) at /home/buildbot/buildbot/build/mariadb-10.2.7/sql/sql_show.cc:8371
#16 0x00007fb575e0e41d in JOIN::exec_inner (this=this@entry=0x7fb340012630) at /home/buildbot/buildbot/build/mariadb-10.2.7/sql/sql_select.cc:3444
#17 0x00007fb575e0e8a3 in JOIN::exec (this=this@entry=0x7fb340012630) at /home/buildbot/buildbot/build/mariadb-10.2.7/sql/sql_select.cc:3281
#18 0x00007fb575e0e9fa in mysql_select (thd=thd@entry=0x7fb3400009f8, tables=0x7fb340010630, wild_num=0, fields=..., conds=0x7fb340010ea0, og_num=2, order=0x7fb340011108, group=0x0, having=0x0, proc_param=0x0, select_options=2684619520, result=result@entry=0x7fb340012610, unit=unit@entry=0x7fb340004480, select_lex=select_lex@entry=0x7fb340004bc0) at /home/buildbot/buildbot/build/mariadb-10.2.7/sql/sql_select.cc:3675
#19 0x00007fb575e0f44e in handle_select (thd=thd@entry=0x7fb3400009f8, lex=lex@entry=0x7fb3400043b8, result=result@entry=0x7fb340012610, setup_tables_done_option=setup_tables_done_option@entry=0) at /home/buildbot/buildbot/build/mariadb-10.2.7/sql/sql_select.cc:373
#20 0x00007fb575db0376 in execute_sqlcom_select (thd=thd@entry=0x7fb3400009f8, all_tables=0x7fb340010630) at /home/buildbot/buildbot/build/mariadb-10.2.7/sql/sql_parse.cc:6626
#21 0x00007fb575dbd0a4 in mysql_execute_command (thd=thd@entry=0x7fb3400009f8) at /home/buildbot/buildbot/build/mariadb-10.2.7/sql/sql_parse.cc:3762
#22 0x00007fb575dc046e in mysql_parse (thd=0x7fb3400009f8, rawbuf=<optimized out>, length=<optimized out>, parser_state=0x7fb3c8ca6140, is_com_multi=<optimized out>, is_next_command=<optimized out>) at /home/buildbot/buildbot/build/mariadb-10.2.7/sql/sql_parse.cc:8082
#23 0x00007fb575dc32e8 in dispatch_command (command=command@entry=COM_QUERY, thd=thd@entry=0x7fb3400009f8, packet=packet@entry=0x7fb340006eb9 "/* Requirement : MySQL v5.0+  \nThis query will return list of FULLTEXT indexes */\n\nSELECT \n  TABLE_SCHEMA AS `Table_Schema`,\n  TABLE_NAME AS `Table_Name`,\n  INDEX_NAME AS `Index_Name`,\n  SEQ_IN_INDEX "..., packet_length=packet_length@entry=419, is_com_multi=is_com_multi@entry=false, is_next_command=is_next_command@entry=false) at /home/buildbot/buildbot/build/mariadb-10.2.7/sql/sql_parse.cc:1830
#24 0x00007fb575dc3e91 in do_command (thd=0x7fb3400009f8) at /home/buildbot/buildbot/build/mariadb-10.2.7/sql/sql_parse.cc:1388
#25 0x00007fb575e8705a in do_handle_one_connection (connect=connect@entry=0x7fb581f6b198) at /home/buildbot/buildbot/build/mariadb-10.2.7/sql/sql_connect.cc:1354
#26 0x00007fb575e8717d in handle_one_connection (arg=0x7fb581f6b198) at /home/buildbot/buildbot/build/mariadb-10.2.7/sql/sql_connect.cc:1260
#27 0x00007fb575451dc5 in start_thread () from /lib64/libpthread.so.0
#28 0x00007fb573aa573d in clone () from /lib64/libc.so.6

Thread 19 (Thread 0x7fb3c8d29700 (LWP 32359)):
#0  0x00007fb57545503e in pthread_rwlock_wrlock () from /lib64/libpthread.so.0
#1  0x00007fb575ee3171 in inline_mysql_rwlock_wrlock (src_file=0x7fb5765d3a90 "/home/buildbot/buildbot/build/mariadb-10.2.7/sql/sql_sequence.cc", src_line=368, that=0x7fb33c046928) at /home/buildbot/buildbot/build/mariadb-10.2.7/include/mysql/psi/mysql_thread.h:935
#2  SEQUENCE::write_lock (this=this@entry=0x7fb33c0468c0, table=0x7fb3547b5e28) at /home/buildbot/buildbot/build/mariadb-10.2.7/sql/sql_sequence.cc:368
#3  0x00007fb575ee35ba in SEQUENCE::read_initial_values (this=0x7fb33c0468c0, table_arg=<optimized out>) at /home/buildbot/buildbot/build/mariadb-10.2.7/sql/sql_sequence.cc:402
#4  0x00007fb576502cff in ha_sequence::open (this=0x7fb3544c79a0, name=<optimized out>, mode=<optimized out>, flags=<optimized out>) at /home/buildbot/buildbot/build/mariadb-10.2.7/sql/ha_sequence.cc:110
#5  0x00007fb575f76ed3 in handler::ha_open (this=0x7fb3544c79a0, table_arg=table_arg@entry=0x7fb3547b5e28, name=0x7fb33c030fd8 "./ocoedb/ocoe_seq_audit_his_seq", mode=mode@entry=2, test_if_locked=test_if_locked@entry=18) at /home/buildbot/buildbot/build/mariadb-10.2.7/sql/handler.cc:2478
#6  0x00007fb575e63142 in open_table_from_share (thd=thd@entry=0x7fb354744b78, share=share@entry=0x7fb33c030bb0, alias=<optimized out>, db_stat=db_stat@entry=33, prgflag=prgflag@entry=8, ha_open_flags=18, outparam=<optimized out>, is_create_table=<optimized out>, is_create_table@entry=false) at /home/buildbot/buildbot/build/mariadb-10.2.7/sql/table.cc:3347
#7  0x00007fb575d6c429 in open_table (thd=thd@entry=0x7fb354744b78, table_list=table_list@entry=0x7fb354699800, ot_ctx=ot_ctx@entry=0x7fb3c8d22e00) at /home/buildbot/buildbot/build/mariadb-10.2.7/sql/sql_base.cc:1877
#8  0x00007fb575d6f0a1 in open_and_process_table (ot_ctx=0x7fb3c8d22e00, has_prelocking_list=false, prelocking_strategy=0x7fb3c8d22ea0, flags=1090, counter=0x7fb3c8d22e9c, tables=0x7fb354699800, lex=0x7fb3c8d23030, thd=0x7fb354744b78) at /home/buildbot/buildbot/build/mariadb-10.2.7/sql/sql_base.cc:3414
#9  open_tables (thd=thd@entry=0x7fb354744b78, options=..., start=start@entry=0x7fb3c8d22e88, counter=counter@entry=0x7fb3c8d22e9c, flags=1090, prelocking_strategy=prelocking_strategy@entry=0x7fb3c8d22ea0) at /home/buildbot/buildbot/build/mariadb-10.2.7/sql/sql_base.cc:3934
#10 0x00007fb575d6f5a9 in open_tables (prelocking_strategy=0x7fb3c8d22ea0, flags=<optimized out>, counter=0x7fb3c8d22e9c, tables=0x7fb3c8d22e88, thd=0x7fb354744b78) at /home/buildbot/buildbot/build/mariadb-10.2.7/sql/sql_base.h:236
#11 open_normal_and_derived_tables (thd=thd@entry=0x7fb354744b78, tables=tables@entry=0x7fb354699800, flags=<optimized out>, dt_phases=dt_phases@entry=34) at /home/buildbot/buildbot/build/mariadb-10.2.7/sql/sql_base.cc:4752
#12 0x00007fb575d6f64f in open_tables_only_view_structure (thd=thd@entry=0x7fb354744b78, table_list=table_list@entry=0x7fb354699800, can_deadlock=can_deadlock@entry=false) at /home/buildbot/buildbot/build/mariadb-10.2.7/sql/sql_base.cc:4809
#13 0x00007fb575e128a4 in fill_schema_table_by_open (thd=thd@entry=0x7fb354744b78, is_show_fields_or_keys=is_show_fields_or_keys@entry=false, table=table@entry=0x7fb354858c40, orig_db_name=orig_db_name@entry=0x7fb354724318, orig_table_name=orig_table_name@entry=0x7fb354698138, open_tables_state_backup=open_tables_state_backup@entry=0x7fb3c8d247b0, can_deadlock=can_deadlock@entry=false, schema_table=0x7fb576dd2d40 <schema_tables+1920>, schema_table=0x7fb576dd2d40 <schema_tables+1920>) at /home/buildbot/buildbot/build/mariadb-10.2.7/sql/sql_show.cc:4359
#14 0x00007fb575e257f5 in get_all_tables (thd=0x7fb354744b78, tables=0x7fb35471f288, cond=<optimized out>) at /home/buildbot/buildbot/build/mariadb-10.2.7/sql/sql_show.cc:5000
#15 0x00007fb575e26ed6 in get_schema_tables_result (join=join@entry=0x7fb3547214f0, executed_place=executed_place@entry=PROCESSED_BY_JOIN_EXEC) at /home/buildbot/buildbot/build/mariadb-10.2.7/sql/sql_show.cc:8371
#16 0x00007fb575e0e41d in JOIN::exec_inner (this=this@entry=0x7fb3547214f0) at /home/buildbot/buildbot/build/mariadb-10.2.7/sql/sql_select.cc:3444
#17 0x00007fb575e0e8a3 in JOIN::exec (this=this@entry=0x7fb3547214f0) at /home/buildbot/buildbot/build/mariadb-10.2.7/sql/sql_select.cc:3281
#18 0x00007fb575e0e9fa in mysql_select (thd=thd@entry=0x7fb354744b78, tables=0x7fb35471f288, wild_num=0, fields=..., conds=0x0, og_num=2, order=0x7fb35471fb30, group=0x7fb35471f9c0, having=0x0, proc_param=0x0, select_options=2684619520, result=result@entry=0x7fb3547214d0, unit=unit@entry=0x7fb354748600, select_lex=select_lex@entry=0x7fb354748d40) at /home/buildbot/buildbot/build/mariadb-10.2.7/sql/sql_select.cc:3675
#19 0x00007fb575e0f44e in handle_select (thd=thd@entry=0x7fb354744b78, lex=lex@entry=0x7fb354748538, result=result@entry=0x7fb3547214d0, setup_tables_done_option=setup_tables_done_option@entry=0) at /home/buildbot/buildbot/build/mariadb-10.2.7/sql/sql_select.cc:373
#20 0x00007fb575db0376 in execute_sqlcom_select (thd=thd@entry=0x7fb354744b78, all_tables=0x7fb35471f288) at /home/buildbot/buildbot/build/mariadb-10.2.7/sql/sql_parse.cc:6626
#21 0x00007fb575dbd0a4 in mysql_execute_command (thd=thd@entry=0x7fb354744b78) at /home/buildbot/buildbot/build/mariadb-10.2.7/sql/sql_parse.cc:3762
#22 0x00007fb575dc046e in mysql_parse (thd=0x7fb354744b78, rawbuf=<optimized out>, length=<optimized out>, parser_state=0x7fb3c8d28140, is_com_multi=<optimized out>, is_next_command=<optimized out>) at /home/buildbot/buildbot/build/mariadb-10.2.7/sql/sql_parse.cc:8082
#23 0x00007fb575dc32e8 in dispatch_command (command=command@entry=COM_QUERY, thd=thd@entry=0x7fb354744b78, packet=packet@entry=0x7fb354376ff9 "/* Requirement : MySQL v5.0+ \nThis query will return Top 5 databases on server w.r.t. Size */\n\nSELECT \n  TABLE_SCHEMA  AS `Database`,\n  SUM(\n    (data_length + index_length) / (1024 * 1024)\n  ) AS `Da"..., packet_length=packet_length@entry=310, is_com_multi=is_com_multi@entry=false, is_next_command=is_next_command@entry=false) at /home/buildbot/buildbot/build/mariadb-10.2.7/sql/sql_parse.cc:1830
#24 0x00007fb575dc3e91 in do_command (thd=0x7fb354744b78) at /home/buildbot/buildbot/build/mariadb-10.2.7/sql/sql_parse.cc:1388
#25 0x00007fb575e8705a in do_handle_one_connection (connect=connect@entry=0x7fb578af6a98) at /home/buildbot/buildbot/build/mariadb-10.2.7/sql/sql_connect.cc:1354
#26 0x00007fb575e8717d in handle_one_connection (arg=0x7fb578af6a98) at /home/buildbot/buildbot/build/mariadb-10.2.7/sql/sql_connect.cc:1260
#27 0x00007fb575451dc5 in start_thread () from /lib64/libpthread.so.0
#28 0x00007fb573aa573d in clone () from /lib64/libc.so.6

Thread 18 (Thread 0x7fb3b828f700 (LWP 32713)):
#0  0x00007fb573a9adfd in poll () from /lib64/libc.so.6
#1  0x00007fb57657a9a5 in poll (__timeout=2000000000, __nfds=1, __fds=0x7fb3b828e6b0) at /usr/include/bits/poll2.h:46
#2  vio_io_wait (vio=vio@entry=0x7fb581fa0ba8, event=event@entry=VIO_IO_EVENT_READ, timeout=2000000000) at /home/buildbot/buildbot/build/mariadb-10.2.7/vio/viosocket.c:945
#3  0x00007fb57657aa38 in vio_socket_io_wait (vio=vio@entry=0x7fb581fa0ba8, event=event@entry=VIO_IO_EVENT_READ) at /home/buildbot/buildbot/build/mariadb-10.2.7/vio/viosocket.c:108
#4  0x00007fb57657ab40 in vio_read (vio=0x7fb581fa0ba8, buf=0x7fb3b4006f98 "\a", size=4) at /home/buildbot/buildbot/build/mariadb-10.2.7/vio/viosocket.c:184
#5  0x00007fb575d27bfd in my_real_read (net=0x7fb3b4000cc8, complen=complen@entry=0x7fb3b828e8a0, header=<optimized out>) at /home/buildbot/buildbot/build/mariadb-10.2.7/sql/net_serv.cc:888
#6  0x00007fb575d28cd0 in my_net_read_packet_reallen (net=0x7fb3b4000cc8, read_from_server=<optimized out>, reallen=reallen@entry=0x7fb3b828e8f0) at /home/buildbot/buildbot/build/mariadb-10.2.7/sql/net_serv.cc:1158
#7  0x00007fb575d28dbd in my_net_read_packet (net=<optimized out>, read_from_server=<optimized out>) at /home/buildbot/buildbot/build/mariadb-10.2.7/sql/net_serv.cc:1142
#8  0x00007fb575dc3df1 in do_command (thd=0x7fb3b4000a88) at /home/buildbot/buildbot/build/mariadb-10.2.7/sql/sql_parse.cc:1270
#9  0x00007fb575e8705a in do_handle_one_connection (connect=connect@entry=0x7fb578af6a98) at /home/buildbot/buildbot/build/mariadb-10.2.7/sql/sql_connect.cc:1354
#10 0x00007fb575e8717d in handle_one_connection (arg=0x7fb578af6a98) at /home/buildbot/buildbot/build/mariadb-10.2.7/sql/sql_connect.cc:1260
#11 0x00007fb575451dc5 in start_thread () from /lib64/libpthread.so.0
#12 0x00007fb573aa573d in clone () from /lib64/libc.so.6

Thread 17 (Thread 0x7fb3b8393700 (LWP 19735)):
#0  0x00007fb573a9adfd in poll () from /lib64/libc.so.6
#1  0x00007fb57657a9a5 in poll (__timeout=2000000000, __nfds=1, __fds=0x7fb3b83926b0) at /usr/include/bits/poll2.h:46
#2  vio_io_wait (vio=vio@entry=0x7fb581fa0da8, event=event@entry=VIO_IO_EVENT_READ, timeout=2000000000) at /home/buildbot/buildbot/build/mariadb-10.2.7/vio/viosocket.c:945
#3  0x00007fb57657aa38 in vio_socket_io_wait (vio=vio@entry=0x7fb581fa0da8, event=event@entry=VIO_IO_EVENT_READ) at /home/buildbot/buildbot/build/mariadb-10.2.7/vio/viosocket.c:108
#4  0x00007fb57657ab40 in vio_read (vio=0x7fb581fa0da8, buf=0x7fb3441eb9d8 "\001", size=4) at /home/buildbot/buildbot/build/mariadb-10.2.7/vio/viosocket.c:184
#5  0x00007fb575d27bfd in my_real_read (net=0x7fb3441e5fd8, complen=complen@entry=0x7fb3b83928a0, header=<optimized out>) at /home/buildbot/buildbot/build/mariadb-10.2.7/sql/net_serv.cc:888
#6  0x00007fb575d28cd0 in my_net_read_packet_reallen (net=0x7fb3441e5fd8, read_from_server=<optimized out>, reallen=reallen@entry=0x7fb3b83928f0) at /home/buildbot/buildbot/build/mariadb-10.2.7/sql/net_serv.cc:1158
#7  0x00007fb575d28dbd in my_net_read_packet (net=<optimized out>, read_from_server=<optimized out>) at /home/buildbot/buildbot/build/mariadb-10.2.7/sql/net_serv.cc:1142
#8  0x00007fb575dc3df1 in do_command (thd=0x7fb3441e5d98) at /home/buildbot/buildbot/build/mariadb-10.2.7/sql/sql_parse.cc:1270
#9  0x00007fb575e8705a in do_handle_one_connection (connect=connect@entry=0x7fb581f6b198) at /home/buildbot/buildbot/build/mariadb-10.2.7/sql/sql_connect.cc:1354
#10 0x00007fb575e8717d in handle_one_connection (arg=0x7fb581f6b198) at /home/buildbot/buildbot/build/mariadb-10.2.7/sql/sql_connect.cc:1260
#11 0x00007fb575451dc5 in start_thread () from /lib64/libpthread.so.0
#12 0x00007fb573aa573d in clone () from /lib64/libc.so.6

Thread 16 (Thread 0x7fb3c8ce8700 (LWP 23339)):
#0  0x00007fb575455a82 in pthread_cond_timedwait@@GLIBC_2.3.2 () from /lib64/libpthread.so.0
#1  0x00007fb575d1ebfa in inline_mysql_cond_timedwait (src_file=0x7fb5765a5348 "/home/buildbot/buildbot/build/mariadb-10.2.7/sql/mysqld.cc", src_line=2953, abstime=0x7fb3c8ce7ce0, mutex=0x7fb576e78750 <LOCK_thread_cache>, that=0x7fb576e7af80 <COND_thread_cache>) at /home/buildbot/buildbot/build/mariadb-10.2.7/include/mysql/psi/mysql_thread.h:1186
#2  cache_thread (thd=0x7fb3588f9158) at /home/buildbot/buildbot/build/mariadb-10.2.7/sql/mysqld.cc:2952
#3  one_thread_per_connection_end (thd=0x7fb3588f9158, put_in_cache=<optimized out>) at /home/buildbot/buildbot/build/mariadb-10.2.7/sql/mysqld.cc:3041
#4  0x00007fb575e86fe6 in do_handle_one_connection (connect=connect@entry=0x7fb578af85c8) at /home/buildbot/buildbot/build/mariadb-10.2.7/sql/sql_connect.cc:1373
#5  0x00007fb575e8717d in handle_one_connection (arg=0x7fb578af85c8) at /home/buildbot/buildbot/build/mariadb-10.2.7/sql/sql_connect.cc:1260
#6  0x00007fb575451dc5 in start_thread () from /lib64/libpthread.so.0
#7  0x00007fb573aa573d in clone () from /lib64/libc.so.6

Thread 15 (Thread 0x7fb3c8d6a700 (LWP 20438)):
#0  0x00007fb575455a82 in pthread_cond_timedwait@@GLIBC_2.3.2 () from /lib64/libpthread.so.0
#1  0x00007fb575d1ebfa in inline_mysql_cond_timedwait (src_file=0x7fb5765a5348 "/home/buildbot/buildbot/build/mariadb-10.2.7/sql/mysqld.cc", src_line=2953, abstime=0x7fb3c8d69ce0, mutex=0x7fb576e78750 <LOCK_thread_cache>, that=0x7fb576e7af80 <COND_thread_cache>) at /home/buildbot/buildbot/build/mariadb-10.2.7/include/mysql/psi/mysql_thread.h:1186
#2  cache_thread (thd=0x7fb3300060c8) at /home/buildbot/buildbot/build/mariadb-10.2.7/sql/mysqld.cc:2952
#3  one_thread_per_connection_end (thd=0x7fb3300060c8, put_in_cache=<optimized out>) at /home/buildbot/buildbot/build/mariadb-10.2.7/sql/mysqld.cc:3041
#4  0x00007fb575e86fe6 in do_handle_one_connection (connect=connect@entry=0x7fb581f6b198) at /home/buildbot/buildbot/build/mariadb-10.2.7/sql/sql_connect.cc:1373
#5  0x00007fb575e8717d in handle_one_connection (arg=0x7fb581f6b198) at /home/buildbot/buildbot/build/mariadb-10.2.7/sql/sql_connect.cc:1260
#6  0x00007fb575451dc5 in start_thread () from /lib64/libpthread.so.0
#7  0x00007fb573aa573d in clone () from /lib64/libc.so.6

Thread 14 (Thread 0x7fb3b818b700 (LWP 21682)):
#0  0x00007fb573a9adfd in poll () from /lib64/libc.so.6
#1  0x00007fb57657a9a5 in poll (__timeout=660000, __nfds=1, __fds=0x7fb3b818a6b0) at /usr/include/bits/poll2.h:46
#2  vio_io_wait (vio=vio@entry=0x7fb581f572c8, event=event@entry=VIO_IO_EVENT_READ, timeout=660000) at /home/buildbot/buildbot/build/mariadb-10.2.7/vio/viosocket.c:945
#3  0x00007fb57657aa38 in vio_socket_io_wait (vio=vio@entry=0x7fb581f572c8, event=event@entry=VIO_IO_EVENT_READ) at /home/buildbot/buildbot/build/mariadb-10.2.7/vio/viosocket.c:108
#4  0x00007fb57657ab40 in vio_read (vio=0x7fb581f572c8, buf=0x7fb39c1bdc88 "\001", size=4) at /home/buildbot/buildbot/build/mariadb-10.2.7/vio/viosocket.c:184
#5  0x00007fb575d27bfd in my_real_read (net=0x7fb39c000be8, complen=complen@entry=0x7fb3b818a8a0, header=<optimized out>) at /home/buildbot/buildbot/build/mariadb-10.2.7/sql/net_serv.cc:888
#6  0x00007fb575d28cd0 in my_net_read_packet_reallen (net=0x7fb39c000be8, read_from_server=<optimized out>, reallen=reallen@entry=0x7fb3b818a8f0) at /home/buildbot/buildbot/build/mariadb-10.2.7/sql/net_serv.cc:1158
#7  0x00007fb575d28dbd in my_net_read_packet (net=<optimized out>, read_from_server=<optimized out>) at /home/buildbot/buildbot/build/mariadb-10.2.7/sql/net_serv.cc:1142
#8  0x00007fb575dc3df1 in do_command (thd=0x7fb39c0009a8) at /home/buildbot/buildbot/build/mariadb-10.2.7/sql/sql_parse.cc:1270
#9  0x00007fb575e8705a in do_handle_one_connection (connect=connect@entry=0x7fb581f6b198) at /home/buildbot/buildbot/build/mariadb-10.2.7/sql/sql_connect.cc:1354
#10 0x00007fb575e8717d in handle_one_connection (arg=0x7fb581f6b198) at /home/buildbot/buildbot/build/mariadb-10.2.7/sql/sql_connect.cc:1260
#11 0x00007fb575451dc5 in start_thread () from /lib64/libpthread.so.0
#12 0x00007fb573aa573d in clone () from /lib64/libc.so.6

Thread 13 (Thread 0x7fb3c8dab700 (LWP 4943)):
#0  0x00007fb573a9adfd in poll () from /lib64/libc.so.6
#1  0x00007fb57657a9a5 in poll (__timeout=3600000, __nfds=1, __fds=0x7fb3c8daa6b0) at /usr/include/bits/poll2.h:46
#2  vio_io_wait (vio=vio@entry=0x7fb581fd8978, event=event@entry=VIO_IO_EVENT_READ, timeout=3600000) at /home/buildbot/buildbot/build/mariadb-10.2.7/vio/viosocket.c:945
#3  0x00007fb57657aa38 in vio_socket_io_wait (vio=vio@entry=0x7fb581fd8978, event=event@entry=VIO_IO_EVENT_READ) at /home/buildbot/buildbot/build/mariadb-10.2.7/vio/viosocket.c:108
#4  0x00007fb57657ab40 in vio_read (vio=0x7fb581fd8978, buf=0x7fb3a4007108 "\001", size=4) at /home/buildbot/buildbot/build/mariadb-10.2.7/vio/viosocket.c:184
#5  0x00007fb575d27bfd in my_real_read (net=0x7fb3a4000be8, complen=complen@entry=0x7fb3c8daa8a0, header=<optimized out>) at /home/buildbot/buildbot/build/mariadb-10.2.7/sql/net_serv.cc:888
#6  0x00007fb575d28cd0 in my_net_read_packet_reallen (net=0x7fb3a4000be8, read_from_server=<optimized out>, reallen=reallen@entry=0x7fb3c8daa8f0) at /home/buildbot/buildbot/build/mariadb-10.2.7/sql/net_serv.cc:1158
#7  0x00007fb575d28dbd in my_net_read_packet (net=<optimized out>, read_from_server=<optimized out>) at /home/buildbot/buildbot/build/mariadb-10.2.7/sql/net_serv.cc:1142
#8  0x00007fb575dc3df1 in do_command (thd=0x7fb3a40009a8) at /home/buildbot/buildbot/build/mariadb-10.2.7/sql/sql_parse.cc:1270
#9  0x00007fb575e8705a in do_handle_one_connection (connect=connect@entry=0x7fb581f6b198) at /home/buildbot/buildbot/build/mariadb-10.2.7/sql/sql_connect.cc:1354
#10 0x00007fb575e8717d in handle_one_connection (arg=0x7fb581f6b198) at /home/buildbot/buildbot/build/mariadb-10.2.7/sql/sql_connect.cc:1260
#11 0x00007fb575451dc5 in start_thread () from /lib64/libpthread.so.0
#12 0x00007fb573aa573d in clone () from /lib64/libc.so.6

Thread 12 (Thread 0x7fb3b8311700 (LWP 14936)):
#0  0x00007fb573a9adfd in poll () from /lib64/libc.so.6
#1  0x00007fb57657a9a5 in poll (__timeout=3600000, __nfds=1, __fds=0x7fb3b83106b0) at /usr/include/bits/poll2.h:46
#2  vio_io_wait (vio=vio@entry=0x7fb581f4ed98, event=event@entry=VIO_IO_EVENT_READ, timeout=3600000) at /home/buildbot/buildbot/build/mariadb-10.2.7/vio/viosocket.c:945
#3  0x00007fb57657aa38 in vio_socket_io_wait (vio=vio@entry=0x7fb581f4ed98, event=event@entry=VIO_IO_EVENT_READ) at /home/buildbot/buildbot/build/mariadb-10.2.7/vio/viosocket.c:108
#4  0x00007fb57657ab40 in vio_read (vio=0x7fb581f4ed98, buf=0x7fb3a8005f68 "\001", size=4) at /home/buildbot/buildbot/build/mariadb-10.2.7/vio/viosocket.c:184
#5  0x00007fb575d27bfd in my_real_read (net=0x7fb3a8000c28, complen=complen@entry=0x7fb3b83108a0, header=<optimized out>) at /home/buildbot/buildbot/build/mariadb-10.2.7/sql/net_serv.cc:888
#6  0x00007fb575d28cd0 in my_net_read_packet_reallen (net=0x7fb3a8000c28, read_from_server=<optimized out>, reallen=reallen@entry=0x7fb3b83108f0) at /home/buildbot/buildbot/build/mariadb-10.2.7/sql/net_serv.cc:1158
#7  0x00007fb575d28dbd in my_net_read_packet (net=<optimized out>, read_from_server=<optimized out>) at /home/buildbot/buildbot/build/mariadb-10.2.7/sql/net_serv.cc:1142
#8  0x00007fb575dc3df1 in do_command (thd=0x7fb3a80009e8) at /home/buildbot/buildbot/build/mariadb-10.2.7/sql/sql_parse.cc:1270
#9  0x00007fb575e8705a in do_handle_one_connection (connect=connect@entry=0x7fb581f6b198) at /home/buildbot/buildbot/build/mariadb-10.2.7/sql/sql_connect.cc:1354
#10 0x00007fb575e8717d in handle_one_connection (arg=0x7fb581f6b198) at /home/buildbot/buildbot/build/mariadb-10.2.7/sql/sql_connect.cc:1260
#11 0x00007fb575451dc5 in start_thread () from /lib64/libpthread.so.0
#12 0x00007fb573aa573d in clone () from /lib64/libc.so.6

Thread 11 (Thread 0x7fb3b8046700 (LWP 19745)):
#0  0x00007fb575455a82 in pthread_cond_timedwait@@GLIBC_2.3.2 () from /lib64/libpthread.so.0
#1  0x00007fb575d1ebfa in inline_mysql_cond_timedwait (src_file=0x7fb5765a5348 "/home/buildbot/buildbot/build/mariadb-10.2.7/sql/mysqld.cc", src_line=2953, abstime=0x7fb3b8045ce0, mutex=0x7fb576e78750 <LOCK_thread_cache>, that=0x7fb576e7af80 <COND_thread_cache>) at /home/buildbot/buildbot/build/mariadb-10.2.7/include/mysql/psi/mysql_thread.h:1186
#2  cache_thread (thd=0x7fb3300befb8) at /home/buildbot/buildbot/build/mariadb-10.2.7/sql/mysqld.cc:2952
#3  one_thread_per_connection_end (thd=0x7fb3300befb8, put_in_cache=<optimized out>) at /home/buildbot/buildbot/build/mariadb-10.2.7/sql/mysqld.cc:3041
#4  0x00007fb575e86fe6 in do_handle_one_connection (connect=connect@entry=0x7fb578ad9f78) at /home/buildbot/buildbot/build/mariadb-10.2.7/sql/sql_connect.cc:1373
#5  0x00007fb575e8717d in handle_one_connection (arg=0x7fb578ad9f78) at /home/buildbot/buildbot/build/mariadb-10.2.7/sql/sql_connect.cc:1260
#6  0x00007fb575451dc5 in start_thread () from /lib64/libpthread.so.0
#7  0x00007fb573aa573d in clone () from /lib64/libc.so.6

Thread 10 (Thread 0x7fb3c8c66700 (LWP 21654)):
#0  0x00007fb573a9adfd in poll () from /lib64/libc.so.6
#1  0x00007fb57657a9a5 in poll (__timeout=3600000, __nfds=1, __fds=0x7fb3c8c656b0) at /usr/include/bits/poll2.h:46
#2  vio_io_wait (vio=vio@entry=0x7fb578af77c8, event=event@entry=VIO_IO_EVENT_READ, timeout=3600000) at /home/buildbot/buildbot/build/mariadb-10.2.7/vio/viosocket.c:945
#3  0x00007fb57657aa38 in vio_socket_io_wait (vio=vio@entry=0x7fb578af77c8, event=event@entry=VIO_IO_EVENT_READ) at /home/buildbot/buildbot/build/mariadb-10.2.7/vio/viosocket.c:108
#4  0x00007fb57657ab40 in vio_read (vio=0x7fb578af77c8, buf=0x7fb360021b68 "\001", size=4) at /home/buildbot/buildbot/build/mariadb-10.2.7/vio/viosocket.c:184
#5  0x00007fb575d27bfd in my_real_read (net=0x7fb3600d86e8, complen=complen@entry=0x7fb3c8c658a0, header=<optimized out>) at /home/buildbot/buildbot/build/mariadb-10.2.7/sql/net_serv.cc:888
#6  0x00007fb575d28cd0 in my_net_read_packet_reallen (net=0x7fb3600d86e8, read_from_server=<optimized out>, reallen=reallen@entry=0x7fb3c8c658f0) at /home/buildbot/buildbot/build/mariadb-10.2.7/sql/net_serv.cc:1158
#7  0x00007fb575d28dbd in my_net_read_packet (net=<optimized out>, read_from_server=<optimized out>) at /home/buildbot/buildbot/build/mariadb-10.2.7/sql/net_serv.cc:1142
#8  0x00007fb575dc3df1 in do_command (thd=0x7fb3600d84a8) at /home/buildbot/buildbot/build/mariadb-10.2.7/sql/sql_parse.cc:1270
#9  0x00007fb575e8705a in do_handle_one_connection (connect=connect@entry=0x7fb578ad9f78) at /home/buildbot/buildbot/build/mariadb-10.2.7/sql/sql_connect.cc:1354
#10 0x00007fb575e8717d in handle_one_connection (arg=0x7fb578ad9f78) at /home/buildbot/buildbot/build/mariadb-10.2.7/sql/sql_connect.cc:1260
#11 0x00007fb575451dc5 in start_thread () from /lib64/libpthread.so.0
#12 0x00007fb573aa573d in clone () from /lib64/libc.so.6

Thread 9 (Thread 0x7fb3932b2700 (LWP 21655)):
#0  0x00007fb573a9adfd in poll () from /lib64/libc.so.6
#1  0x00007fb57657a9a5 in poll (__timeout=3600000, __nfds=1, __fds=0x7fb3932b16b0) at /usr/include/bits/poll2.h:46
#2  vio_io_wait (vio=vio@entry=0x7fb581fd8b78, event=event@entry=VIO_IO_EVENT_READ, timeout=3600000) at /home/buildbot/buildbot/build/mariadb-10.2.7/vio/viosocket.c:945
#3  0x00007fb57657aa38 in vio_socket_io_wait (vio=vio@entry=0x7fb581fd8b78, event=event@entry=VIO_IO_EVENT_READ) at /home/buildbot/buildbot/build/mariadb-10.2.7/vio/viosocket.c:108
#4  0x00007fb57657ab40 in vio_read (vio=0x7fb581fd8b78, buf=0x7fb368007ec8 "\001", size=4) at /home/buildbot/buildbot/build/mariadb-10.2.7/vio/viosocket.c:184
#5  0x00007fb575d27bfd in my_real_read (net=0x7fb368289f68, complen=complen@entry=0x7fb3932b18a0, header=<optimized out>) at /home/buildbot/buildbot/build/mariadb-10.2.7/sql/net_serv.cc:888
#6  0x00007fb575d28cd0 in my_net_read_packet_reallen (net=0x7fb368289f68, read_from_server=<optimized out>, reallen=reallen@entry=0x7fb3932b18f0) at /home/buildbot/buildbot/build/mariadb-10.2.7/sql/net_serv.cc:1158
#7  0x00007fb575d28dbd in my_net_read_packet (net=<optimized out>, read_from_server=<optimized out>) at /home/buildbot/buildbot/build/mariadb-10.2.7/sql/net_serv.cc:1142
#8  0x00007fb575dc3df1 in do_command (thd=0x7fb368289d28) at /home/buildbot/buildbot/build/mariadb-10.2.7/sql/sql_parse.cc:1270
#9  0x00007fb575e8705a in do_handle_one_connection (connect=connect@entry=0x7fb578ad9f78) at /home/buildbot/buildbot/build/mariadb-10.2.7/sql/sql_connect.cc:1354
#10 0x00007fb575e8717d in handle_one_connection (arg=0x7fb578ad9f78) at /home/buildbot/buildbot/build/mariadb-10.2.7/sql/sql_connect.cc:1260
#11 0x00007fb575451dc5 in start_thread () from /lib64/libpthread.so.0
#12 0x00007fb573aa573d in clone () from /lib64/libc.so.6

Thread 8 (Thread 0x7fb3931ae700 (LWP 25743)):
#0  0x00007fb573a9adfd in poll () from /lib64/libc.so.6
#1  0x00007fb57657a9a5 in poll (__timeout=3600000, __nfds=1, __fds=0x7fb3931ad6b0) at /usr/include/bits/poll2.h:46
#2  vio_io_wait (vio=vio@entry=0x7fb578af7328, event=event@entry=VIO_IO_EVENT_READ, timeout=3600000) at /home/buildbot/buildbot/build/mariadb-10.2.7/vio/viosocket.c:945
#3  0x00007fb57657aa38 in vio_socket_io_wait (vio=vio@entry=0x7fb578af7328, event=event@entry=VIO_IO_EVENT_READ) at /home/buildbot/buildbot/build/mariadb-10.2.7/vio/viosocket.c:108
#4  0x00007fb57657ab40 in vio_read (vio=0x7fb578af7328, buf=0x7fb33c025298 "\a", size=4) at /home/buildbot/buildbot/build/mariadb-10.2.7/vio/viosocket.c:184
#5  0x00007fb575d27bfd in my_real_read (net=0x7fb33c00fa68, complen=complen@entry=0x7fb3931ad8a0, header=<optimized out>) at /home/buildbot/buildbot/build/mariadb-10.2.7/sql/net_serv.cc:888
#6  0x00007fb575d28cd0 in my_net_read_packet_reallen (net=0x7fb33c00fa68, read_from_server=<optimized out>, reallen=reallen@entry=0x7fb3931ad8f0) at /home/buildbot/buildbot/build/mariadb-10.2.7/sql/net_serv.cc:1158
#7  0x00007fb575d28dbd in my_net_read_packet (net=<optimized out>, read_from_server=<optimized out>) at /home/buildbot/buildbot/build/mariadb-10.2.7/sql/net_serv.cc:1142
#8  0x00007fb575dc3df1 in do_command (thd=0x7fb33c00f828) at /home/buildbot/buildbot/build/mariadb-10.2.7/sql/sql_parse.cc:1270
#9  0x00007fb575e8705a in do_handle_one_connection (connect=connect@entry=0x7fb578ad9f78) at /home/buildbot/buildbot/build/mariadb-10.2.7/sql/sql_connect.cc:1354
#10 0x00007fb575e8717d in handle_one_connection (arg=0x7fb578ad9f78) at /home/buildbot/buildbot/build/mariadb-10.2.7/sql/sql_connect.cc:1260
#11 0x00007fb575451dc5 in start_thread () from /lib64/libpthread.so.0
#12 0x00007fb573aa573d in clone () from /lib64/libc.so.6

Thread 7 (Thread 0x7fb3b8087700 (LWP 25744)):
#0  0x00007fb575455a82 in pthread_cond_timedwait@@GLIBC_2.3.2 () from /lib64/libpthread.so.0
#1  0x00007fb575d1ebfa in inline_mysql_cond_timedwait (src_file=0x7fb5765a5348 "/home/buildbot/buildbot/build/mariadb-10.2.7/sql/mysqld.cc", src_line=2953, abstime=0x7fb3b8086ce0, mutex=0x7fb576e78750 <LOCK_thread_cache>, that=0x7fb576e7af80 <COND_thread_cache>) at /home/buildbot/buildbot/build/mariadb-10.2.7/include/mysql/psi/mysql_thread.h:1186
#2  cache_thread (thd=0x7fb374006eb8) at /home/buildbot/buildbot/build/mariadb-10.2.7/sql/mysqld.cc:2952
#3  one_thread_per_connection_end (thd=0x7fb374006eb8, put_in_cache=<optimized out>) at /home/buildbot/buildbot/build/mariadb-10.2.7/sql/mysqld.cc:3041
#4  0x00007fb575e86fe6 in do_handle_one_connection (connect=connect@entry=0x7fb578ad9f78) at /home/buildbot/buildbot/build/mariadb-10.2.7/sql/sql_connect.cc:1373
#5  0x00007fb575e8717d in handle_one_connection (arg=0x7fb578ad9f78) at /home/buildbot/buildbot/build/mariadb-10.2.7/sql/sql_connect.cc:1260
#6  0x00007fb575451dc5 in start_thread () from /lib64/libpthread.so.0
#7  0x00007fb573aa573d in clone () from /lib64/libc.so.6

Thread 6 (Thread 0x7fb393271700 (LWP 26080)):
#0  0x00007fb573a9adfd in poll () from /lib64/libc.so.6
#1  0x00007fb57657a9a5 in poll (__timeout=3600000, __nfds=1, __fds=0x7fb3932706b0) at /usr/include/bits/poll2.h:46
#2  vio_io_wait (vio=vio@entry=0x7fb581fcfa28, event=event@entry=VIO_IO_EVENT_READ, timeout=3600000) at /home/buildbot/buildbot/build/mariadb-10.2.7/vio/viosocket.c:945
#3  0x00007fb57657aa38 in vio_socket_io_wait (vio=vio@entry=0x7fb581fcfa28, event=event@entry=VIO_IO_EVENT_READ) at /home/buildbot/buildbot/build/mariadb-10.2.7/vio/viosocket.c:108
#4  0x00007fb57657ab40 in vio_read (vio=0x7fb581fcfa28, buf=0x7fb38000f728 "\a", size=4) at /home/buildbot/buildbot/build/mariadb-10.2.7/vio/viosocket.c:184
#5  0x00007fb575d27bfd in my_real_read (net=0x7fb380000be8, complen=complen@entry=0x7fb3932708a0, header=<optimized out>) at /home/buildbot/buildbot/build/mariadb-10.2.7/sql/net_serv.cc:888
#6  0x00007fb575d28cd0 in my_net_read_packet_reallen (net=0x7fb380000be8, read_from_server=<optimized out>, reallen=reallen@entry=0x7fb3932708f0) at /home/buildbot/buildbot/build/mariadb-10.2.7/sql/net_serv.cc:1158
#7  0x00007fb575d28dbd in my_net_read_packet (net=<optimized out>, read_from_server=<optimized out>) at /home/buildbot/buildbot/build/mariadb-10.2.7/sql/net_serv.cc:1142
#8  0x00007fb575dc3df1 in do_command (thd=0x7fb3800009a8) at /home/buildbot/buildbot/build/mariadb-10.2.7/sql/sql_parse.cc:1270
#9  0x00007fb575e8705a in do_handle_one_connection (connect=connect@entry=0x7fb578ad9f78) at /home/buildbot/buildbot/build/mariadb-10.2.7/sql/sql_connect.cc:1354
#10 0x00007fb575e8717d in handle_one_connection (arg=0x7fb578ad9f78) at /home/buildbot/buildbot/build/mariadb-10.2.7/sql/sql_connect.cc:1260
#11 0x00007fb575451dc5 in start_thread () from /lib64/libpthread.so.0
#12 0x00007fb573aa573d in clone () from /lib64/libc.so.6

Thread 5 (Thread 0x7fb3931ef700 (LWP 26081)):
#0  0x00007fb575455a82 in pthread_cond_timedwait@@GLIBC_2.3.2 () from /lib64/libpthread.so.0
#1  0x00007fb575d1ebfa in inline_mysql_cond_timedwait (src_file=0x7fb5765a5348 "/home/buildbot/buildbot/build/mariadb-10.2.7/sql/mysqld.cc", src_line=2953, abstime=0x7fb3931eece0, mutex=0x7fb576e78750 <LOCK_thread_cache>, that=0x7fb576e7af80 <COND_thread_cache>) at /home/buildbot/buildbot/build/mariadb-10.2.7/include/mysql/psi/mysql_thread.h:1186
#2  cache_thread (thd=0x7fb37c0009f8) at /home/buildbot/buildbot/build/mariadb-10.2.7/sql/mysqld.cc:2952
#3  one_thread_per_connection_end (thd=0x7fb37c0009f8, put_in_cache=<optimized out>) at /home/buildbot/buildbot/build/mariadb-10.2.7/sql/mysqld.cc:3041
#4  0x00007fb575e86fe6 in do_handle_one_connection (connect=connect@entry=0x7fb578ad9f78) at /home/buildbot/buildbot/build/mariadb-10.2.7/sql/sql_connect.cc:1373
#5  0x00007fb575e8717d in handle_one_connection (arg=0x7fb578ad9f78) at /home/buildbot/buildbot/build/mariadb-10.2.7/sql/sql_connect.cc:1260
#6  0x00007fb575451dc5 in start_thread () from /lib64/libpthread.so.0
#7  0x00007fb573aa573d in clone () from /lib64/libc.so.6

Thread 4 (Thread 0x7fb3b8352700 (LWP 28620)):
#0  0x00007fb575455a82 in pthread_cond_timedwait@@GLIBC_2.3.2 () from /lib64/libpthread.so.0
#1  0x00007fb575d1ebfa in inline_mysql_cond_timedwait (src_file=0x7fb5765a5348 "/home/buildbot/buildbot/build/mariadb-10.2.7/sql/mysqld.cc", src_line=2953, abstime=0x7fb3b8351ce0, mutex=0x7fb576e78750 <LOCK_thread_cache>, that=0x7fb576e7af80 <COND_thread_cache>) at /home/buildbot/buildbot/build/mariadb-10.2.7/include/mysql/psi/mysql_thread.h:1186
#2  cache_thread (thd=0x7fb35c0008c8) at /home/buildbot/buildbot/build/mariadb-10.2.7/sql/mysqld.cc:2952
#3  one_thread_per_connection_end (thd=0x7fb35c0008c8, put_in_cache=<optimized out>) at /home/buildbot/buildbot/build/mariadb-10.2.7/sql/mysqld.cc:3041
#4  0x00007fb575e86fe6 in do_handle_one_connection (connect=connect@entry=0x7fb578af85c8) at /home/buildbot/buildbot/build/mariadb-10.2.7/sql/sql_connect.cc:1373
#5  0x00007fb575e8717d in handle_one_connection (arg=0x7fb578af85c8) at /home/buildbot/buildbot/build/mariadb-10.2.7/sql/sql_connect.cc:1260
#6  0x00007fb575451dc5 in start_thread () from /lib64/libpthread.so.0
#7  0x00007fb573aa573d in clone () from /lib64/libc.so.6

Thread 3 (Thread 0x7fb3b80c8700 (LWP 29782)):
#0  0x00007fb575455a82 in pthread_cond_timedwait@@GLIBC_2.3.2 () from /lib64/libpthread.so.0
#1  0x00007fb575d1ebfa in inline_mysql_cond_timedwait (src_file=0x7fb5765a5348 "/home/buildbot/buildbot/build/mariadb-10.2.7/sql/mysqld.cc", src_line=2953, abstime=0x7fb3b80c7ce0, mutex=0x7fb576e78750 <LOCK_thread_cache>, that=0x7fb576e7af80 <COND_thread_cache>) at /home/buildbot/buildbot/build/mariadb-10.2.7/include/mysql/psi/mysql_thread.h:1186
#2  cache_thread (thd=0x7fb3880009a8) at /home/buildbot/buildbot/build/mariadb-10.2.7/sql/mysqld.cc:2952
#3  one_thread_per_connection_end (thd=0x7fb3880009a8, put_in_cache=<optimized out>) at /home/buildbot/buildbot/build/mariadb-10.2.7/sql/mysqld.cc:3041
#4  0x00007fb575e86fe6 in do_handle_one_connection (connect=connect@entry=0x7fb578ad9f78) at /home/buildbot/buildbot/build/mariadb-10.2.7/sql/sql_connect.cc:1373
#5  0x00007fb575e8717d in handle_one_connection (arg=0x7fb578ad9f78) at /home/buildbot/buildbot/build/mariadb-10.2.7/sql/sql_connect.cc:1260
#6  0x00007fb575451dc5 in start_thread () from /lib64/libpthread.so.0
#7  0x00007fb573aa573d in clone () from /lib64/libc.so.6

Thread 2 (Thread 0x7fb3b82d0700 (LWP 32714)):
#0  0x00007fb575455a82 in pthread_cond_timedwait@@GLIBC_2.3.2 () from /lib64/libpthread.so.0
#1  0x00007fb575d1ebfa in inline_mysql_cond_timedwait (src_file=0x7fb5765a5348 "/home/buildbot/buildbot/build/mariadb-10.2.7/sql/mysqld.cc", src_line=2953, abstime=0x7fb3b82cfce0, mutex=0x7fb576e78750 <LOCK_thread_cache>, that=0x7fb576e7af80 <COND_thread_cache>) at /home/buildbot/buildbot/build/mariadb-10.2.7/include/mysql/psi/mysql_thread.h:1186
#2  cache_thread (thd=0x7fb384062138) at /home/buildbot/buildbot/build/mariadb-10.2.7/sql/mysqld.cc:2952
#3  one_thread_per_connection_end (thd=0x7fb384062138, put_in_cache=<optimized out>) at /home/buildbot/buildbot/build/mariadb-10.2.7/sql/mysqld.cc:3041
#4  0x00007fb575e86fe6 in do_handle_one_connection (connect=connect@entry=0x7fb578af85c8) at /home/buildbot/buildbot/build/mariadb-10.2.7/sql/sql_connect.cc:1373
#5  0x00007fb575e8717d in handle_one_connection (arg=0x7fb578af85c8) at /home/buildbot/buildbot/build/mariadb-10.2.7/sql/sql_connect.cc:1260
#6  0x00007fb575451dc5 in start_thread () from /lib64/libpthread.so.0
#7  0x00007fb573aa573d in clone () from /lib64/libc.so.6

Thread 1 (Thread 0x7fb575844880 (LWP 21955)):
#0  0x00007fb573a9adfd in poll () from /lib64/libc.so.6
#1  0x00007fb575d1f79f in poll (__timeout=-1, __nfds=2, __fds=0x7ffc40abc310) at /usr/include/bits/poll2.h:41
#2  handle_connections_sockets () at /home/buildbot/buildbot/build/mariadb-10.2.7/sql/mysqld.cc:6583
#3  0x00007fb575d268ba in mysqld_main (argc=182, argv=0x7fb578a8e958) at /home/buildbot/buildbot/build/mariadb-10.2.7/sql/mysqld.cc:6049
#4  0x00007fb5739cfb35 in __libc_start_main () from /lib64/libc.so.6
#5  0x00007fb575d1a9dd in _start ()
(gdb) A debugging session is active.

        Inferior 1 [process 21955] will be detached.

Quit anyway? (y or n) [answered Y; input not from terminal]
Detaching from program: /usr/sbin/mysqld, process 21955